{"D:\\StudyDemo\\umiJS\\flash\\src\\components\\AlarmList\\columns.js": {"path":"D:\\StudyDemo\\umiJS\\flash\\src\\components\\AlarmList\\columns.js","statementMap":{},"fnMap":{},"branchMap":{},"s":{},"f":{},"b":{}}
,"D:\\StudyDemo\\umiJS\\flash\\src\\components\\AlarmList\\index.js": {"path":"D:\\StudyDemo\\umiJS\\flash\\src\\components\\AlarmList\\index.js","statementMap":{"0":{"start":{"line":6,"column":18},"end":{"line":40,"column":1}},"1":{"start":{"line":7,"column":45},"end":{"line":7,"column":50}},"2":{"start":{"line":8,"column":2},"end":{"line":14,"column":3}},"3":{"start":{"line":9,"column":4},"end":{"line":13,"column":6}},"4":{"start":{"line":15,"column":2},"end":{"line":27,"column":3}},"5":{"start":{"line":16,"column":3},"end":{"line":26,"column":4}},"6":{"start":{"line":24,"column":25},"end":{"line":24,"column":43}},"7":{"start":{"line":29,"column":2},"end":{"line":39,"column":4}},"8":{"start":{"line":37,"column":25},"end":{"line":37,"column":43}}},"fnMap":{"0":{"name":"(anonymous_0)","decl":{"start":{"line":6,"column":18},"end":{"line":6,"column":19}},"loc":{"start":{"line":6,"column":27},"end":{"line":40,"column":1}},"line":6},"1":{"name":"(anonymous_1)","decl":{"start":{"line":24,"column":16},"end":{"line":24,"column":17}},"loc":{"start":{"line":24,"column":25},"end":{"line":24,"column":43}},"line":24},"2":{"name":"(anonymous_2)","decl":{"start":{"line":37,"column":16},"end":{"line":37,"column":17}},"loc":{"start":{"line":37,"column":25},"end":{"line":37,"column":43}},"line":37}},"branchMap":{"0":{"loc":{"start":{"line":7,"column":16},"end":{"line":7,"column":31}},"type":"default-arg","locations":[{"start":{"line":7,"column":29},"end":{"line":7,"column":31}}],"line":7},"1":{"loc":{"start":{"line":8,"column":2},"end":{"line":14,"column":3}},"type":"if","locations":[{"start":{"line":8,"column":2},"end":{"line":14,"column":3}},{"start":{"line":8,"column":2},"end":{"line":14,"column":3}}],"line":8},"2":{"loc":{"start":{"line":15,"column":2},"end":{"line":27,"column":3}},"type":"if","locations":[{"start":{"line":15,"column":2},"end":{"line":27,"column":3}},{"start":{"line":15,"column":2},"end":{"line":27,"column":3}}],"line":15}},"s":{"0":0,"1":0,"2":0,"3":0,"4":0,"5":0,"6":0,"7":0,"8":0},"f":{"0":0,"1":0,"2":0},"b":{"0":[0],"1":[0,0],"2":[0,0]}}
,"D:\\StudyDemo\\umiJS\\flash\\src\\components\\AntdIcons\\index.jsx": {"path":"D:\\StudyDemo\\umiJS\\flash\\src\\components\\AntdIcons\\index.jsx","statementMap":{"0":{"start":{"line":4,"column":18},"end":{"line":8,"column":1}},"1":{"start":{"line":5,"column":4},"end":{"line":7,"column":11}}},"fnMap":{"0":{"name":"(anonymous_0)","decl":{"start":{"line":4,"column":18},"end":{"line":4,"column":19}},"loc":{"start":{"line":4,"column":22},"end":{"line":8,"column":1}},"line":4}},"branchMap":{},"s":{"0":0,"1":0},"f":{"0":0},"b":{}}
,"D:\\StudyDemo\\umiJS\\flash\\src\\components\\Atest\\TestDemo.js": {"path":"D:\\StudyDemo\\umiJS\\flash\\src\\components\\Atest\\TestDemo.js","statementMap":{"0":{"start":{"line":2,"column":4},"end":{"line":2,"column":26}}},"fnMap":{"0":{"name":"(anonymous_0)","decl":{"start":{"line":1,"column":15},"end":{"line":1,"column":16}},"loc":{"start":{"line":1,"column":21},"end":{"line":3,"column":1}},"line":1}},"branchMap":{},"s":{"0":0},"f":{"0":0},"b":{}}
,"D:\\StudyDemo\\umiJS\\flash\\src\\components\\Authorized\\Authorized.tsx": {"path":"D:\\StudyDemo\\umiJS\\flash\\src\\components\\Authorized\\Authorized.tsx","statementMap":{"0":{"start":{"line":19,"column":61},"end":{"line":33,"column":1}},"1":{"start":{"line":30,"column":42},"end":{"line":30,"column":91}},"2":{"start":{"line":31,"column":14},"end":{"line":31,"column":55}},"3":{"start":{"line":32,"column":2},"end":{"line":32,"column":20}}},"fnMap":{"0":{"name":"(anonymous_0)","decl":{"start":{"line":19,"column":61},"end":{"line":19,"column":62}},"loc":{"start":{"line":29,"column":6},"end":{"line":33,"column":1}},"line":29}},"branchMap":{"0":{"loc":{"start":{"line":22,"column":2},"end":{"line":28,"column":3}},"type":"default-arg","locations":[{"start":{"line":23,"column":4},"end":{"line":27,"column":6}}],"line":22},"1":{"loc":{"start":{"line":30,"column":42},"end":{"line":30,"column":91}},"type":"cond-expr","locations":[{"start":{"line":30,"column":76},"end":{"line":30,"column":80}},{"start":{"line":30,"column":83},"end":{"line":30,"column":91}}],"line":30}},"s":{"0":0,"1":0,"2":0,"3":0},"f":{"0":0},"b":{"0":[0],"1":[0,0]}}
,"D:\\StudyDemo\\umiJS\\flash\\src\\components\\Authorized\\AuthorizedRoute.tsx": {"path":"D:\\StudyDemo\\umiJS\\flash\\src\\components\\Authorized\\AuthorizedRoute.tsx","statementMap":{"0":{"start":{"line":15,"column":56},"end":{"line":31,"column":1}},"1":{"start":{"line":22,"column":2},"end":{"line":30,"column":15}},"2":{"start":{"line":24,"column":44},"end":{"line":24,"column":88}},"3":{"start":{"line":28,"column":31},"end":{"line":28,"column":83}}},"fnMap":{"0":{"name":"(anonymous_0)","decl":{"start":{"line":15,"column":56},"end":{"line":15,"column":57}},"loc":{"start":{"line":22,"column":2},"end":{"line":30,"column":15}},"line":22},"1":{"name":"(anonymous_1)","decl":{"start":{"line":24,"column":38},"end":{"line":24,"column":39}},"loc":{"start":{"line":24,"column":44},"end":{"line":24,"column":88}},"line":24},"2":{"name":"(anonymous_2)","decl":{"start":{"line":28,"column":14},"end":{"line":28,"column":15}},"loc":{"start":{"line":28,"column":31},"end":{"line":28,"column":83}},"line":28}},"branchMap":{"0":{"loc":{"start":{"line":28,"column":31},"end":{"line":28,"column":83}},"type":"cond-expr","locations":[{"start":{"line":28,"column":43},"end":{"line":28,"column":67}},{"start":{"line":28,"column":70},"end":{"line":28,"column":83}}],"line":28}},"s":{"0":0,"1":0,"2":0,"3":0},"f":{"0":0,"1":0,"2":0},"b":{"0":[0,0]}}
,"D:\\StudyDemo\\umiJS\\flash\\src\\components\\Authorized\\CheckPermissions.tsx": {"path":"D:\\StudyDemo\\umiJS\\flash\\src\\components\\Authorized\\CheckPermissions.tsx","statementMap":{"0":{"start":{"line":21,"column":25},"end":{"line":75,"column":1}},"1":{"start":{"line":29,"column":2},"end":{"line":31,"column":3}},"2":{"start":{"line":30,"column":4},"end":{"line":30,"column":18}},"3":{"start":{"line":33,"column":2},"end":{"line":42,"column":3}},"4":{"start":{"line":34,"column":4},"end":{"line":40,"column":5}},"5":{"start":{"line":35,"column":6},"end":{"line":37,"column":7}},"6":{"start":{"line":35,"column":42},"end":{"line":35,"column":66}},"7":{"start":{"line":36,"column":8},"end":{"line":36,"column":22}},"8":{"start":{"line":38,"column":11},"end":{"line":40,"column":5}},"9":{"start":{"line":39,"column":6},"end":{"line":39,"column":20}},"10":{"start":{"line":41,"column":4},"end":{"line":41,"column":21}},"11":{"start":{"line":44,"column":2},"end":{"line":53,"column":3}},"12":{"start":{"line":45,"column":4},"end":{"line":51,"column":5}},"13":{"start":{"line":46,"column":6},"end":{"line":48,"column":7}},"14":{"start":{"line":46,"column":42},"end":{"line":46,"column":60}},"15":{"start":{"line":47,"column":8},"end":{"line":47,"column":22}},"16":{"start":{"line":49,"column":11},"end":{"line":51,"column":5}},"17":{"start":{"line":50,"column":6},"end":{"line":50,"column":20}},"18":{"start":{"line":52,"column":4},"end":{"line":52,"column":21}},"19":{"start":{"line":55,"column":2},"end":{"line":57,"column":3}},"20":{"start":{"line":56,"column":4},"end":{"line":56,"column":85}},"21":{"start":{"line":59,"column":2},"end":{"line":73,"column":3}},"22":{"start":{"line":60,"column":4},"end":{"line":72,"column":5}},"23":{"start":{"line":61,"column":19},"end":{"line":61,"column":46}},"24":{"start":{"line":63,"column":6},"end":{"line":65,"column":7}},"25":{"start":{"line":64,"column":8},"end":{"line":64,"column":84}},"26":{"start":{"line":66,"column":6},"end":{"line":68,"column":7}},"27":{"start":{"line":67,"column":8},"end":{"line":67,"column":22}},"28":{"start":{"line":69,"column":6},"end":{"line":69,"column":23}},"29":{"start":{"line":71,"column":6},"end":{"line":71,"column":18}},"30":{"start":{"line":74,"column":2},"end":{"line":74,"column":44}},"31":{"start":{"line":80,"column":2},"end":{"line":80,"column":71}}},"fnMap":{"0":{"name":"(anonymous_0)","decl":{"start":{"line":21,"column":25},"end":{"line":21,"column":26}},"loc":{"start":{"line":26,"column":30},"end":{"line":75,"column":1}},"line":26},"1":{"name":"(anonymous_1)","decl":{"start":{"line":35,"column":32},"end":{"line":35,"column":33}},"loc":{"start":{"line":35,"column":42},"end":{"line":35,"column":66}},"line":35},"2":{"name":"(anonymous_2)","decl":{"start":{"line":46,"column":32},"end":{"line":46,"column":33}},"loc":{"start":{"line":46,"column":42},"end":{"line":46,"column":60}},"line":46},"3":{"name":"check","decl":{"start":{"line":79,"column":9},"end":{"line":79,"column":14}},"loc":{"start":{"line":79,"column":98},"end":{"line":81,"column":1}},"line":79}},"branchMap":{"0":{"loc":{"start":{"line":29,"column":2},"end":{"line":31,"column":3}},"type":"if","locations":[{"start":{"line":29,"column":2},"end":{"line":31,"column":3}},{"start":{"line":29,"column":2},"end":{"line":31,"column":3}}],"line":29},"1":{"loc":{"start":{"line":33,"column":2},"end":{"line":42,"column":3}},"type":"if","locations":[{"start":{"line":33,"column":2},"end":{"line":42,"column":3}},{"start":{"line":33,"column":2},"end":{"line":42,"column":3}}],"line":33},"2":{"loc":{"start":{"line":34,"column":4},"end":{"line":40,"column":5}},"type":"if","locations":[{"start":{"line":34,"column":4},"end":{"line":40,"column":5}},{"start":{"line":34,"column":4},"end":{"line":40,"column":5}}],"line":34},"3":{"loc":{"start":{"line":35,"column":6},"end":{"line":37,"column":7}},"type":"if","locations":[{"start":{"line":35,"column":6},"end":{"line":37,"column":7}},{"start":{"line":35,"column":6},"end":{"line":37,"column":7}}],"line":35},"4":{"loc":{"start":{"line":38,"column":11},"end":{"line":40,"column":5}},"type":"if","locations":[{"start":{"line":38,"column":11},"end":{"line":40,"column":5}},{"start":{"line":38,"column":11},"end":{"line":40,"column":5}}],"line":38},"5":{"loc":{"start":{"line":44,"column":2},"end":{"line":53,"column":3}},"type":"if","locations":[{"start":{"line":44,"column":2},"end":{"line":53,"column":3}},{"start":{"line":44,"column":2},"end":{"line":53,"column":3}}],"line":44},"6":{"loc":{"start":{"line":45,"column":4},"end":{"line":51,"column":5}},"type":"if","locations":[{"start":{"line":45,"column":4},"end":{"line":51,"column":5}},{"start":{"line":45,"column":4},"end":{"line":51,"column":5}}],"line":45},"7":{"loc":{"start":{"line":46,"column":6},"end":{"line":48,"column":7}},"type":"if","locations":[{"start":{"line":46,"column":6},"end":{"line":48,"column":7}},{"start":{"line":46,"column":6},"end":{"line":48,"column":7}}],"line":46},"8":{"loc":{"start":{"line":49,"column":11},"end":{"line":51,"column":5}},"type":"if","locations":[{"start":{"line":49,"column":11},"end":{"line":51,"column":5}},{"start":{"line":49,"column":11},"end":{"line":51,"column":5}}],"line":49},"9":{"loc":{"start":{"line":55,"column":2},"end":{"line":57,"column":3}},"type":"if","locations":[{"start":{"line":55,"column":2},"end":{"line":57,"column":3}},{"start":{"line":55,"column":2},"end":{"line":57,"column":3}}],"line":55},"10":{"loc":{"start":{"line":59,"column":2},"end":{"line":73,"column":3}},"type":"if","locations":[{"start":{"line":59,"column":2},"end":{"line":73,"column":3}},{"start":{"line":59,"column":2},"end":{"line":73,"column":3}}],"line":59},"11":{"loc":{"start":{"line":63,"column":6},"end":{"line":65,"column":7}},"type":"if","locations":[{"start":{"line":63,"column":6},"end":{"line":65,"column":7}},{"start":{"line":63,"column":6},"end":{"line":65,"column":7}}],"line":63},"12":{"loc":{"start":{"line":66,"column":6},"end":{"line":68,"column":7}},"type":"if","locations":[{"start":{"line":66,"column":6},"end":{"line":68,"column":7}},{"start":{"line":66,"column":6},"end":{"line":68,"column":7}}],"line":66}},"s":{"0":0,"1":0,"2":0,"3":0,"4":0,"5":0,"6":0,"7":0,"8":0,"9":0,"10":0,"11":0,"12":0,"13":0,"14":0,"15":0,"16":0,"17":0,"18":0,"19":0,"20":0,"21":0,"22":0,"23":0,"24":0,"25":0,"26":0,"27":0,"28":0,"29":0,"30":0,"31":0},"f":{"0":0,"1":0,"2":0,"3":0},"b":{"0":[0,0],"1":[0,0],"2":[0,0],"3":[0,0],"4":[0,0],"5":[0,0],"6":[0,0],"7":[0,0],"8":[0,0],"9":[0,0],"10":[0,0],"11":[0,0],"12":[0,0]}}
,"D:\\StudyDemo\\umiJS\\flash\\src\\components\\Authorized\\PromiseRender.tsx": {"path":"D:\\StudyDemo\\umiJS\\flash\\src\\components\\Authorized\\PromiseRender.tsx","statementMap":{"0":{"start":{"line":21,"column":30},"end":{"line":23,"column":3}},"1":{"start":{"line":22,"column":21},"end":{"line":22,"column":25}},"2":{"start":{"line":26,"column":4},"end":{"line":26,"column":40}},"3":{"start":{"line":29,"column":26},"end":{"line":36,"column":3}},"4":{"start":{"line":30,"column":26},"end":{"line":30,"column":36}},"5":{"start":{"line":31,"column":4},"end":{"line":33,"column":5}},"6":{"start":{"line":32,"column":6},"end":{"line":32,"column":41}},"7":{"start":{"line":34,"column":4},"end":{"line":34,"column":55}},"8":{"start":{"line":34,"column":43},"end":{"line":34,"column":55}},"9":{"start":{"line":35,"column":4},"end":{"line":35,"column":17}},"10":{"start":{"line":40,"column":15},"end":{"line":40,"column":50}},"11":{"start":{"line":41,"column":18},"end":{"line":41,"column":56}},"12":{"start":{"line":42,"column":4},"end":{"line":53,"column":9}},"13":{"start":{"line":44,"column":8},"end":{"line":46,"column":11}},"14":{"start":{"line":47,"column":8},"end":{"line":47,"column":20}},"15":{"start":{"line":50,"column":8},"end":{"line":52,"column":11}},"16":{"start":{"line":60,"column":25},"end":{"line":71,"column":3}},"17":{"start":{"line":63,"column":4},"end":{"line":66,"column":5}},"18":{"start":{"line":64,"column":21},"end":{"line":64,"column":51}},"19":{"start":{"line":65,"column":6},"end":{"line":65,"column":51}},"20":{"start":{"line":65,"column":29},"end":{"line":65,"column":50}},"21":{"start":{"line":67,"column":4},"end":{"line":69,"column":5}},"22":{"start":{"line":68,"column":6},"end":{"line":68,"column":63}},"23":{"start":{"line":68,"column":29},"end":{"line":68,"column":62}},"24":{"start":{"line":70,"column":4},"end":{"line":70,"column":50}},"25":{"start":{"line":70,"column":17},"end":{"line":70,"column":49}},"26":{"start":{"line":74,"column":37},"end":{"line":74,"column":47}},"27":{"start":{"line":75,"column":44},"end":{"line":75,"column":54}},"28":{"start":{"line":77,"column":4},"end":{"line":91,"column":6}}},"fnMap":{"0":{"name":"(anonymous_0)","decl":{"start":{"line":22,"column":15},"end":{"line":22,"column":16}},"loc":{"start":{"line":22,"column":21},"end":{"line":22,"column":25}},"line":22},"1":{"name":"(anonymous_1)","decl":{"start":{"line":25,"column":2},"end":{"line":25,"column":3}},"loc":{"start":{"line":25,"column":22},"end":{"line":27,"column":3}},"line":25},"2":{"name":"(anonymous_2)","decl":{"start":{"line":29,"column":26},"end":{"line":29,"column":27}},"loc":{"start":{"line":29,"column":98},"end":{"line":36,"column":3}},"line":29},"3":{"name":"(anonymous_3)","decl":{"start":{"line":39,"column":2},"end":{"line":39,"column":3}},"loc":{"start":{"line":39,"column":54},"end":{"line":54,"column":3}},"line":39},"4":{"name":"(anonymous_4)","decl":{"start":{"line":43,"column":12},"end":{"line":43,"column":13}},"loc":{"start":{"line":43,"column":18},"end":{"line":48,"column":7}},"line":43},"5":{"name":"(anonymous_5)","decl":{"start":{"line":49,"column":13},"end":{"line":49,"column":14}},"loc":{"start":{"line":49,"column":19},"end":{"line":53,"column":7}},"line":49},"6":{"name":"(anonymous_6)","decl":{"start":{"line":60,"column":25},"end":{"line":60,"column":26}},"loc":{"start":{"line":62,"column":32},"end":{"line":71,"column":3}},"line":62},"7":{"name":"(anonymous_7)","decl":{"start":{"line":65,"column":13},"end":{"line":65,"column":14}},"loc":{"start":{"line":65,"column":29},"end":{"line":65,"column":50}},"line":65},"8":{"name":"(anonymous_8)","decl":{"start":{"line":68,"column":13},"end":{"line":68,"column":14}},"loc":{"start":{"line":68,"column":29},"end":{"line":68,"column":62}},"line":68},"9":{"name":"(anonymous_9)","decl":{"start":{"line":70,"column":11},"end":{"line":70,"column":12}},"loc":{"start":{"line":70,"column":17},"end":{"line":70,"column":49}},"line":70},"10":{"name":"(anonymous_10)","decl":{"start":{"line":73,"column":2},"end":{"line":73,"column":3}},"loc":{"start":{"line":73,"column":11},"end":{"line":92,"column":3}},"line":73}},"branchMap":{"0":{"loc":{"start":{"line":31,"column":4},"end":{"line":33,"column":5}},"type":"if","locations":[{"start":{"line":31,"column":4},"end":{"line":33,"column":5}},{"start":{"line":31,"column":4},"end":{"line":33,"column":5}}],"line":31},"1":{"loc":{"start":{"line":34,"column":4},"end":{"line":34,"column":55}},"type":"if","locations":[{"start":{"line":34,"column":4},"end":{"line":34,"column":55}},{"start":{"line":34,"column":4},"end":{"line":34,"column":55}}],"line":34},"2":{"loc":{"start":{"line":63,"column":4},"end":{"line":66,"column":5}},"type":"if","locations":[{"start":{"line":63,"column":4},"end":{"line":66,"column":5}},{"start":{"line":63,"column":4},"end":{"line":66,"column":5}}],"line":63},"3":{"loc":{"start":{"line":67,"column":4},"end":{"line":69,"column":5}},"type":"if","locations":[{"start":{"line":67,"column":4},"end":{"line":69,"column":5}},{"start":{"line":67,"column":4},"end":{"line":69,"column":5}}],"line":67},"4":{"loc":{"start":{"line":77,"column":11},"end":{"line":91,"column":5}},"type":"cond-expr","locations":[{"start":{"line":78,"column":6},"end":{"line":78,"column":29}},{"start":{"line":80,"column":6},"end":{"line":90,"column":12}}],"line":77}},"s":{"0":0,"1":0,"2":0,"3":0,"4":0,"5":0,"6":0,"7":0,"8":0,"9":0,"10":0,"11":0,"12":0,"13":0,"14":0,"15":0,"16":0,"17":0,"18":0,"19":0,"20":0,"21":0,"22":0,"23":0,"24":0,"25":0,"26":0,"27":0,"28":0},"f":{"0":0,"1":0,"2":0,"3":0,"4":0,"5":0,"6":0,"7":0,"8":0,"9":0,"10":0},"b":{"0":[0,0],"1":[0,0],"2":[0,0],"3":[0,0],"4":[0,0]}}
,"D:\\StudyDemo\\umiJS\\flash\\src\\components\\Authorized\\Secured.tsx": {"path":"D:\\StudyDemo\\umiJS\\flash\\src\\components\\Authorized\\Secured.tsx","statementMap":{"0":{"start":{"line":8,"column":21},"end":{"line":8,"column":30}},"1":{"start":{"line":8,"column":27},"end":{"line":8,"column":30}},"2":{"start":{"line":10,"column":32},"end":{"line":15,"column":1}},"3":{"start":{"line":11,"column":2},"end":{"line":11,"column":31}},"4":{"start":{"line":11,"column":18},"end":{"line":11,"column":31}},"5":{"start":{"line":12,"column":16},"end":{"line":12,"column":48}},"6":{"start":{"line":13,"column":2},"end":{"line":13,"column":77}},"7":{"start":{"line":13,"column":65},"end":{"line":13,"column":77}},"8":{"start":{"line":14,"column":2},"end":{"line":14,"column":33}},"9":{"start":{"line":21,"column":29},"end":{"line":30,"column":1}},"10":{"start":{"line":22,"column":2},"end":{"line":25,"column":3}},"11":{"start":{"line":23,"column":19},"end":{"line":23,"column":49}},"12":{"start":{"line":24,"column":4},"end":{"line":24,"column":49}},"13":{"start":{"line":24,"column":27},"end":{"line":24,"column":48}},"14":{"start":{"line":26,"column":2},"end":{"line":28,"column":3}},"15":{"start":{"line":27,"column":4},"end":{"line":27,"column":61}},"16":{"start":{"line":27,"column":27},"end":{"line":27,"column":60}},"17":{"start":{"line":29,"column":2},"end":{"line":29,"column":22}},"18":{"start":{"line":29,"column":15},"end":{"line":29,"column":21}},"19":{"start":{"line":47,"column":18},"end":{"line":64,"column":1}},"20":{"start":{"line":53,"column":54},"end":{"line":53,"column":59}},"21":{"start":{"line":54,"column":2},"end":{"line":56,"column":3}},"22":{"start":{"line":55,"column":4},"end":{"line":55,"column":58}},"23":{"start":{"line":55,"column":24},"end":{"line":55,"column":29}},"24":{"start":{"line":57,"column":2},"end":{"line":59,"column":3}},"25":{"start":{"line":58,"column":4},"end":{"line":58,"column":45}},"26":{"start":{"line":60,"column":2},"end":{"line":63,"column":4}},"27":{"start":{"line":61,"column":22},"end":{"line":61,"column":85}},"28":{"start":{"line":62,"column":4},"end":{"line":62,"column":43}}},"fnMap":{"0":{"name":"(anonymous_0)","decl":{"start":{"line":8,"column":21},"end":{"line":8,"column":22}},"loc":{"start":{"line":8,"column":27},"end":{"line":8,"column":30}},"line":8},"1":{"name":"(anonymous_1)","decl":{"start":{"line":10,"column":32},"end":{"line":10,"column":33}},"loc":{"start":{"line":10,"column":96},"end":{"line":15,"column":1}},"line":10},"2":{"name":"(anonymous_2)","decl":{"start":{"line":21,"column":29},"end":{"line":21,"column":30}},"loc":{"start":{"line":21,"column":81},"end":{"line":30,"column":1}},"line":21},"3":{"name":"(anonymous_3)","decl":{"start":{"line":24,"column":11},"end":{"line":24,"column":12}},"loc":{"start":{"line":24,"column":27},"end":{"line":24,"column":48}},"line":24},"4":{"name":"(anonymous_4)","decl":{"start":{"line":27,"column":11},"end":{"line":27,"column":12}},"loc":{"start":{"line":27,"column":27},"end":{"line":27,"column":60}},"line":27},"5":{"name":"(anonymous_5)","decl":{"start":{"line":29,"column":9},"end":{"line":29,"column":10}},"loc":{"start":{"line":29,"column":15},"end":{"line":29,"column":21}},"line":29},"6":{"name":"(anonymous_6)","decl":{"start":{"line":47,"column":18},"end":{"line":47,"column":19}},"loc":{"start":{"line":47,"column":66},"end":{"line":64,"column":1}},"line":47},"7":{"name":"(anonymous_7)","decl":{"start":{"line":55,"column":18},"end":{"line":55,"column":19}},"loc":{"start":{"line":55,"column":24},"end":{"line":55,"column":29}},"line":55},"8":{"name":"decideAuthority","decl":{"start":{"line":60,"column":18},"end":{"line":60,"column":33}},"loc":{"start":{"line":60,"column":82},"end":{"line":63,"column":3}},"line":60}},"branchMap":{"0":{"loc":{"start":{"line":11,"column":2},"end":{"line":11,"column":31}},"type":"if","locations":[{"start":{"line":11,"column":2},"end":{"line":11,"column":31}},{"start":{"line":11,"column":2},"end":{"line":11,"column":31}}],"line":11},"1":{"loc":{"start":{"line":13,"column":2},"end":{"line":13,"column":77}},"type":"if","locations":[{"start":{"line":13,"column":2},"end":{"line":13,"column":77}},{"start":{"line":13,"column":2},"end":{"line":13,"column":77}}],"line":13},"2":{"loc":{"start":{"line":13,"column":6},"end":{"line":13,"column":63}},"type":"binary-expr","locations":[{"start":{"line":13,"column":6},"end":{"line":13,"column":31}},{"start":{"line":13,"column":35},"end":{"line":13,"column":63}}],"line":13},"3":{"loc":{"start":{"line":22,"column":2},"end":{"line":25,"column":3}},"type":"if","locations":[{"start":{"line":22,"column":2},"end":{"line":25,"column":3}},{"start":{"line":22,"column":2},"end":{"line":25,"column":3}}],"line":22},"4":{"loc":{"start":{"line":26,"column":2},"end":{"line":28,"column":3}},"type":"if","locations":[{"start":{"line":26,"column":2},"end":{"line":28,"column":3}},{"start":{"line":26,"column":2},"end":{"line":28,"column":3}}],"line":26},"5":{"loc":{"start":{"line":54,"column":2},"end":{"line":56,"column":3}},"type":"if","locations":[{"start":{"line":54,"column":2},"end":{"line":56,"column":3}},{"start":{"line":54,"column":2},"end":{"line":56,"column":3}}],"line":54},"6":{"loc":{"start":{"line":57,"column":2},"end":{"line":59,"column":3}},"type":"if","locations":[{"start":{"line":57,"column":2},"end":{"line":59,"column":3}},{"start":{"line":57,"column":2},"end":{"line":59,"column":3}}],"line":57},"7":{"loc":{"start":{"line":61,"column":58},"end":{"line":61,"column":84}},"type":"binary-expr","locations":[{"start":{"line":61,"column":58},"end":{"line":61,"column":68}},{"start":{"line":61,"column":72},"end":{"line":61,"column":84}}],"line":61}},"s":{"0":0,"1":0,"2":0,"3":0,"4":0,"5":0,"6":0,"7":0,"8":0,"9":0,"10":0,"11":0,"12":0,"13":0,"14":0,"15":0,"16":0,"17":0,"18":0,"19":0,"20":0,"21":0,"22":0,"23":0,"24":0,"25":0,"26":0,"27":0,"28":0},"f":{"0":0,"1":0,"2":0,"3":0,"4":0,"5":0,"6":0,"7":0,"8":0},"b":{"0":[0,0],"1":[0,0],"2":[0,0],"3":[0,0],"4":[0,0],"5":[0,0],"6":[0,0],"7":[0,0]}}
,"D:\\StudyDemo\\umiJS\\flash\\src\\components\\Authorized\\index.tsx": {"path":"D:\\StudyDemo\\umiJS\\flash\\src\\components\\Authorized\\index.tsx","statementMap":{"0":{"start":{"line":6,"column":0},"end":{"line":6,"column":29}},"1":{"start":{"line":7,"column":0},"end":{"line":7,"column":25}},"2":{"start":{"line":9,"column":24},"end":{"line":9,"column":51}}},"fnMap":{},"branchMap":{},"s":{"0":0,"1":0,"2":0},"f":{},"b":{}}
,"D:\\StudyDemo\\umiJS\\flash\\src\\components\\Authorized\\renderAuthorize.ts": {"path":"D:\\StudyDemo\\umiJS\\flash\\src\\components\\Authorized\\renderAuthorize.ts","statementMap":{"0":{"start":{"line":3,"column":33},"end":{"line":3,"column":39}},"1":{"start":{"line":10,"column":24},"end":{"line":27,"column":1}},"2":{"start":{"line":10,"column":95},"end":{"line":27,"column":1}},"3":{"start":{"line":13,"column":2},"end":{"line":25,"column":3}},"4":{"start":{"line":14,"column":4},"end":{"line":16,"column":5}},"5":{"start":{"line":15,"column":6},"end":{"line":15,"column":35}},"6":{"start":{"line":17,"column":4},"end":{"line":22,"column":5}},"7":{"start":{"line":21,"column":6},"end":{"line":21,"column":45}},"8":{"start":{"line":24,"column":4},"end":{"line":24,"column":21}},"9":{"start":{"line":26,"column":2},"end":{"line":26,"column":20}},"10":{"start":{"line":30,"column":37},"end":{"line":30,"column":67}}},"fnMap":{"0":{"name":"(anonymous_0)","decl":{"start":{"line":10,"column":24},"end":{"line":10,"column":25}},"loc":{"start":{"line":10,"column":95},"end":{"line":27,"column":1}},"line":10},"1":{"name":"(anonymous_1)","decl":{"start":{"line":10,"column":95},"end":{"line":10,"column":96}},"loc":{"start":{"line":12,"column":8},"end":{"line":27,"column":1}},"line":12},"2":{"name":"(anonymous_2)","decl":{"start":{"line":30,"column":15},"end":{"line":30,"column":16}},"loc":{"start":{"line":30,"column":37},"end":{"line":30,"column":67}},"line":30}},"branchMap":{"0":{"loc":{"start":{"line":13,"column":2},"end":{"line":25,"column":3}},"type":"if","locations":[{"start":{"line":13,"column":2},"end":{"line":25,"column":3}},{"start":{"line":13,"column":2},"end":{"line":25,"column":3}}],"line":13},"1":{"loc":{"start":{"line":14,"column":4},"end":{"line":16,"column":5}},"type":"if","locations":[{"start":{"line":14,"column":4},"end":{"line":16,"column":5}},{"start":{"line":14,"column":4},"end":{"line":16,"column":5}}],"line":14},"2":{"loc":{"start":{"line":17,"column":4},"end":{"line":22,"column":5}},"type":"if","locations":[{"start":{"line":17,"column":4},"end":{"line":22,"column":5}},{"start":{"line":17,"column":4},"end":{"line":22,"column":5}}],"line":17},"3":{"loc":{"start":{"line":18,"column":6},"end":{"line":19,"column":37}},"type":"binary-expr","locations":[{"start":{"line":18,"column":6},"end":{"line":18,"column":76}},{"start":{"line":19,"column":6},"end":{"line":19,"column":37}}],"line":18}},"s":{"0":0,"1":0,"2":0,"3":0,"4":0,"5":0,"6":0,"7":0,"8":0,"9":0,"10":0},"f":{"0":0,"1":0,"2":0},"b":{"0":[0,0],"1":[0,0],"2":[0,0],"3":[0,0]}}
,"D:\\StudyDemo\\umiJS\\flash\\src\\components\\CSSlayout\\CSSMedia\\index.jsx": {"path":"D:\\StudyDemo\\umiJS\\flash\\src\\components\\CSSlayout\\CSSMedia\\index.jsx","statementMap":{"0":{"start":{"line":3,"column":12},"end":{"line":43,"column":1}},"1":{"start":{"line":4,"column":4},"end":{"line":42,"column":5}}},"fnMap":{"0":{"name":"(anonymous_0)","decl":{"start":{"line":3,"column":12},"end":{"line":3,"column":13}},"loc":{"start":{"line":3,"column":18},"end":{"line":43,"column":1}},"line":3}},"branchMap":{},"s":{"0":0,"1":0},"f":{"0":0},"b":{}}
,"D:\\StudyDemo\\umiJS\\flash\\src\\components\\CSSlayout\\CssBoard\\CssBoard.jsx": {"path":"D:\\StudyDemo\\umiJS\\flash\\src\\components\\CSSlayout\\CssBoard\\CssBoard.jsx","statementMap":{"0":{"start":{"line":3,"column":17},"end":{"line":10,"column":1}},"1":{"start":{"line":4,"column":4},"end":{"line":9,"column":5}}},"fnMap":{"0":{"name":"(anonymous_0)","decl":{"start":{"line":3,"column":17},"end":{"line":3,"column":18}},"loc":{"start":{"line":3,"column":21},"end":{"line":10,"column":1}},"line":3}},"branchMap":{},"s":{"0":0,"1":0},"f":{"0":0},"b":{}}
,"D:\\StudyDemo\\umiJS\\flash\\src\\components\\DisplayCard\\index.jsx": {"path":"D:\\StudyDemo\\umiJS\\flash\\src\\components\\DisplayCard\\index.jsx","statementMap":{"0":{"start":{"line":6,"column":20},"end":{"line":27,"column":1}},"1":{"start":{"line":7,"column":78},"end":{"line":7,"column":83}},"2":{"start":{"line":8,"column":14},"end":{"line":8,"column":29}},"3":{"start":{"line":9,"column":15},"end":{"line":9,"column":28}},"4":{"start":{"line":11,"column":4},"end":{"line":26,"column":5}}},"fnMap":{"0":{"name":"(anonymous_0)","decl":{"start":{"line":6,"column":20},"end":{"line":6,"column":21}},"loc":{"start":{"line":6,"column":31},"end":{"line":27,"column":1}},"line":6}},"branchMap":{},"s":{"0":0,"1":0,"2":0,"3":0,"4":0},"f":{"0":0},"b":{}}
,"D:\\StudyDemo\\umiJS\\flash\\src\\components\\DisplayCard\\utils.js": {"path":"D:\\StudyDemo\\umiJS\\flash\\src\\components\\DisplayCard\\utils.js","statementMap":{"0":{"start":{"line":2,"column":28},"end":{"line":149,"column":1}},"1":{"start":{"line":4,"column":30},"end":{"line":4,"column":37}},"2":{"start":{"line":6,"column":22},"end":{"line":52,"column":5}},"3":{"start":{"line":55,"column":4},"end":{"line":59,"column":5}},"4":{"start":{"line":56,"column":8},"end":{"line":58,"column":10}},"5":{"start":{"line":61,"column":23},"end":{"line":61,"column":93}},"6":{"start":{"line":63,"column":4},"end":{"line":67,"column":5}},"7":{"start":{"line":64,"column":8},"end":{"line":66,"column":10}},"8":{"start":{"line":71,"column":4},"end":{"line":81,"column":5}},"9":{"start":{"line":72,"column":8},"end":{"line":80,"column":10}},"10":{"start":{"line":83,"column":103},"end":{"line":83,"column":121}},"11":{"start":{"line":84,"column":30},"end":{"line":84,"column":34}},"12":{"start":{"line":85,"column":59},"end":{"line":85,"column":63}},"13":{"start":{"line":86,"column":30},"end":{"line":86,"column":35}},"14":{"start":{"line":87,"column":32},"end":{"line":87,"column":39}},"15":{"start":{"line":88,"column":44},"end":{"line":88,"column":49}},"16":{"start":{"line":89,"column":28},"end":{"line":89,"column":33}},"17":{"start":{"line":90,"column":38},"end":{"line":90,"column":42}},"18":{"start":{"line":91,"column":22},"end":{"line":91,"column":27}},"19":{"start":{"line":92,"column":33},"end":{"line":92,"column":38}},"20":{"start":{"line":93,"column":54},"end":{"line":93,"column":62}},"21":{"start":{"line":94,"column":47},"end":{"line":94,"column":55}},"22":{"start":{"line":95,"column":51},"end":{"line":95,"column":58}},"23":{"start":{"line":96,"column":20},"end":{"line":96,"column":24}},"24":{"start":{"line":97,"column":32},"end":{"line":97,"column":40}},"25":{"start":{"line":101,"column":4},"end":{"line":148,"column":6}}},"fnMap":{"0":{"name":"(anonymous_0)","decl":{"start":{"line":2,"column":28},"end":{"line":2,"column":29}},"loc":{"start":{"line":2,"column":66},"end":{"line":149,"column":1}},"line":2}},"branchMap":{"0":{"loc":{"start":{"line":55,"column":4},"end":{"line":59,"column":5}},"type":"if","locations":[{"start":{"line":55,"column":4},"end":{"line":59,"column":5}},{"start":{"line":55,"column":4},"end":{"line":59,"column":5}}],"line":55},"1":{"loc":{"start":{"line":55,"column":8},"end":{"line":55,"column":51}},"type":"binary-expr","locations":[{"start":{"line":55,"column":8},"end":{"line":55,"column":24}},{"start":{"line":55,"column":28},"end":{"line":55,"column":51}}],"line":55},"2":{"loc":{"start":{"line":61,"column":23},"end":{"line":61,"column":93}},"type":"cond-expr","locations":[{"start":{"line":61,"column":56},"end":{"line":61,"column":86}},{"start":{"line":61,"column":89},"end":{"line":61,"column":93}}],"line":61},"3":{"loc":{"start":{"line":63,"column":4},"end":{"line":67,"column":5}},"type":"if","locations":[{"start":{"line":63,"column":4},"end":{"line":67,"column":5}},{"start":{"line":63,"column":4},"end":{"line":67,"column":5}}],"line":63},"4":{"loc":{"start":{"line":71,"column":4},"end":{"line":81,"column":5}},"type":"if","locations":[{"start":{"line":71,"column":4},"end":{"line":81,"column":5}},{"start":{"line":71,"column":4},"end":{"line":81,"column":5}}],"line":71},"5":{"loc":{"start":{"line":74,"column":17},"end":{"line":74,"column":55}},"type":"cond-expr","locations":[{"start":{"line":74,"column":34},"end":{"line":74,"column":48}},{"start":{"line":74,"column":51},"end":{"line":74,"column":55}}],"line":74},"6":{"loc":{"start":{"line":105,"column":13},"end":{"line":105,"column":51}},"type":"cond-expr","locations":[{"start":{"line":105,"column":30},"end":{"line":105,"column":44}},{"start":{"line":105,"column":47},"end":{"line":105,"column":51}}],"line":105}},"s":{"0":0,"1":0,"2":0,"3":0,"4":0,"5":0,"6":0,"7":0,"8":0,"9":0,"10":0,"11":0,"12":0,"13":0,"14":0,"15":0,"16":0,"17":0,"18":0,"19":0,"20":0,"21":0,"22":0,"23":0,"24":0,"25":0},"f":{"0":0},"b":{"0":[0,0],"1":[0,0],"2":[0,0],"3":[0,0],"4":[0,0],"5":[0,0],"6":[0,0]}}
,"D:\\StudyDemo\\umiJS\\flash\\src\\components\\EditBox\\index.jsx": {"path":"D:\\StudyDemo\\umiJS\\flash\\src\\components\\EditBox\\index.jsx","statementMap":{"0":{"start":{"line":4,"column":28},"end":{"line":4,"column":38}},"1":{"start":{"line":6,"column":16},"end":{"line":16,"column":1}},"2":{"start":{"line":8,"column":4},"end":{"line":15,"column":5}}},"fnMap":{"0":{"name":"(anonymous_0)","decl":{"start":{"line":6,"column":16},"end":{"line":6,"column":17}},"loc":{"start":{"line":6,"column":46},"end":{"line":16,"column":1}},"line":6}},"branchMap":{"0":{"loc":{"start":{"line":10,"column":17},"end":{"line":10,"column":30}},"type":"binary-expr","locations":[{"start":{"line":10,"column":17},"end":{"line":10,"column":22}},{"start":{"line":10,"column":26},"end":{"line":10,"column":30}}],"line":10}},"s":{"0":0,"1":0,"2":0},"f":{"0":0},"b":{"0":[0,0]}}
,"D:\\StudyDemo\\umiJS\\flash\\src\\components\\FormTry\\MinForm.jsx": {"path":"D:\\StudyDemo\\umiJS\\flash\\src\\components\\FormTry\\MinForm.jsx","statementMap":{"0":{"start":{"line":3,"column":16},"end":{"line":12,"column":1}},"1":{"start":{"line":4,"column":4},"end":{"line":11,"column":5}}},"fnMap":{"0":{"name":"(anonymous_0)","decl":{"start":{"line":3,"column":16},"end":{"line":3,"column":17}},"loc":{"start":{"line":3,"column":21},"end":{"line":12,"column":1}},"line":3}},"branchMap":{},"s":{"0":0,"1":0},"f":{"0":0},"b":{}}
,"D:\\StudyDemo\\umiJS\\flash\\src\\components\\FormTry\\configForm.jsx": {"path":"D:\\StudyDemo\\umiJS\\flash\\src\\components\\FormTry\\configForm.jsx","statementMap":{},"fnMap":{},"branchMap":{},"s":{},"f":{},"b":{}}
,"D:\\StudyDemo\\umiJS\\flash\\src\\components\\FormTry\\index.jsx": {"path":"D:\\StudyDemo\\umiJS\\flash\\src\\components\\FormTry\\index.jsx","statementMap":{"0":{"start":{"line":5,"column":15},"end":{"line":8,"column":1}},"1":{"start":{"line":9,"column":19},"end":{"line":11,"column":1}},"2":{"start":{"line":13,"column":13},"end":{"line":57,"column":1}},"3":{"start":{"line":14,"column":21},"end":{"line":16,"column":5}},"4":{"start":{"line":15,"column":8},"end":{"line":15,"column":40}},"5":{"start":{"line":18,"column":27},"end":{"line":20,"column":5}},"6":{"start":{"line":19,"column":8},"end":{"line":19,"column":42}},"7":{"start":{"line":22,"column":4},"end":{"line":56,"column":6}},"8":{"start":{"line":60,"column":24},"end":{"line":68,"column":1}},"9":{"start":{"line":61,"column":4},"end":{"line":67,"column":5}},"10":{"start":{"line":70,"column":23},"end":{"line":107,"column":1}},"11":{"start":{"line":71,"column":18},"end":{"line":73,"column":3}},"12":{"start":{"line":72,"column":4},"end":{"line":72,"column":53}},"13":{"start":{"line":75,"column":2},"end":{"line":105,"column":4}}},"fnMap":{"0":{"name":"(anonymous_0)","decl":{"start":{"line":13,"column":13},"end":{"line":13,"column":14}},"loc":{"start":{"line":13,"column":19},"end":{"line":57,"column":1}},"line":13},"1":{"name":"(anonymous_1)","decl":{"start":{"line":14,"column":21},"end":{"line":14,"column":22}},"loc":{"start":{"line":14,"column":31},"end":{"line":16,"column":5}},"line":14},"2":{"name":"(anonymous_2)","decl":{"start":{"line":18,"column":27},"end":{"line":18,"column":28}},"loc":{"start":{"line":18,"column":40},"end":{"line":20,"column":5}},"line":18},"3":{"name":"(anonymous_3)","decl":{"start":{"line":60,"column":24},"end":{"line":60,"column":25}},"loc":{"start":{"line":60,"column":30},"end":{"line":68,"column":1}},"line":60},"4":{"name":"(anonymous_4)","decl":{"start":{"line":70,"column":23},"end":{"line":70,"column":24}},"loc":{"start":{"line":70,"column":27},"end":{"line":107,"column":1}},"line":70},"5":{"name":"(anonymous_5)","decl":{"start":{"line":71,"column":18},"end":{"line":71,"column":19}},"loc":{"start":{"line":71,"column":28},"end":{"line":73,"column":3}},"line":71}},"branchMap":{},"s":{"0":0,"1":0,"2":0,"3":0,"4":0,"5":0,"6":0,"7":0,"8":0,"9":0,"10":0,"11":0,"12":0,"13":0},"f":{"0":0,"1":0,"2":0,"3":0,"4":0,"5":0},"b":{}}
,"D:\\StudyDemo\\umiJS\\flash\\src\\components\\MachineState\\CNCGraph.js": {"path":"D:\\StudyDemo\\umiJS\\flash\\src\\components\\MachineState\\CNCGraph.js","statementMap":{"0":{"start":{"line":10,"column":19},"end":{"line":10,"column":26}},"1":{"start":{"line":11,"column":2},"end":{"line":13,"column":3}},"2":{"start":{"line":12,"column":4},"end":{"line":12,"column":14}},"3":{"start":{"line":14,"column":25},"end":{"line":14,"column":55}},"4":{"start":{"line":15,"column":2},"end":{"line":17,"column":3}},"5":{"start":{"line":16,"column":4},"end":{"line":16,"column":14}},"6":{"start":{"line":18,"column":22},"end":{"line":18,"column":36}},"7":{"start":{"line":19,"column":2},"end":{"line":21,"column":3}},"8":{"start":{"line":20,"column":4},"end":{"line":20,"column":14}},"9":{"start":{"line":22,"column":19},"end":{"line":22,"column":35}},"10":{"start":{"line":23,"column":2},"end":{"line":25,"column":4}},"11":{"start":{"line":29,"column":4},"end":{"line":29,"column":17}},"12":{"start":{"line":30,"column":4},"end":{"line":30,"column":22}},"13":{"start":{"line":31,"column":4},"end":{"line":33,"column":6}},"14":{"start":{"line":38,"column":20},"end":{"line":38,"column":44}},"15":{"start":{"line":39,"column":6},"end":{"line":39,"column":35}},"16":{"start":{"line":40,"column":6},"end":{"line":40,"column":26}},"17":{"start":{"line":41,"column":6},"end":{"line":41,"column":25}},"18":{"start":{"line":42,"column":6},"end":{"line":44,"column":9}},"19":{"start":{"line":43,"column":8},"end":{"line":43,"column":28}},"20":{"start":{"line":48,"column":30},"end":{"line":48,"column":40}},"21":{"start":{"line":49,"column":6},"end":{"line":51,"column":7}},"22":{"start":{"line":50,"column":8},"end":{"line":50,"column":15}},"23":{"start":{"line":52,"column":51},"end":{"line":52,"column":62}},"24":{"start":{"line":53,"column":6},"end":{"line":75,"column":9}},"25":{"start":{"line":79,"column":24},"end":{"line":79,"column":34}},"26":{"start":{"line":80,"column":6},"end":{"line":87,"column":8}},"27":{"start":{"line":84,"column":12},"end":{"line":84,"column":29}}},"fnMap":{"0":{"name":"(anonymous_0)","decl":{"start":{"line":9,"column":23},"end":{"line":9,"column":24}},"loc":{"start":{"line":9,"column":40},"end":{"line":26,"column":1}},"line":9},"1":{"name":"(anonymous_1)","decl":{"start":{"line":28,"column":6},"end":{"line":28,"column":7}},"loc":{"start":{"line":28,"column":24},"end":{"line":34,"column":5}},"line":28},"2":{"name":"(anonymous_2)","decl":{"start":{"line":37,"column":4},"end":{"line":37,"column":5}},"loc":{"start":{"line":37,"column":24},"end":{"line":45,"column":5}},"line":37},"3":{"name":"(anonymous_3)","decl":{"start":{"line":42,"column":40},"end":{"line":42,"column":41}},"loc":{"start":{"line":42,"column":46},"end":{"line":44,"column":7}},"line":42},"4":{"name":"(anonymous_4)","decl":{"start":{"line":47,"column":4},"end":{"line":47,"column":5}},"loc":{"start":{"line":47,"column":25},"end":{"line":76,"column":5}},"line":47},"5":{"name":"(anonymous_5)","decl":{"start":{"line":78,"column":4},"end":{"line":78,"column":5}},"loc":{"start":{"line":78,"column":13},"end":{"line":88,"column":5}},"line":78},"6":{"name":"(anonymous_6)","decl":{"start":{"line":83,"column":15},"end":{"line":83,"column":16}},"loc":{"start":{"line":83,"column":22},"end":{"line":85,"column":11}},"line":83}},"branchMap":{"0":{"loc":{"start":{"line":11,"column":2},"end":{"line":13,"column":3}},"type":"if","locations":[{"start":{"line":11,"column":2},"end":{"line":13,"column":3}},{"start":{"line":11,"column":2},"end":{"line":13,"column":3}}],"line":11},"1":{"loc":{"start":{"line":15,"column":2},"end":{"line":17,"column":3}},"type":"if","locations":[{"start":{"line":15,"column":2},"end":{"line":17,"column":3}},{"start":{"line":15,"column":2},"end":{"line":17,"column":3}}],"line":15},"2":{"loc":{"start":{"line":19,"column":2},"end":{"line":21,"column":3}},"type":"if","locations":[{"start":{"line":19,"column":2},"end":{"line":21,"column":3}},{"start":{"line":19,"column":2},"end":{"line":21,"column":3}}],"line":19},"3":{"loc":{"start":{"line":49,"column":6},"end":{"line":51,"column":7}},"type":"if","locations":[{"start":{"line":49,"column":6},"end":{"line":51,"column":7}},{"start":{"line":49,"column":6},"end":{"line":51,"column":7}}],"line":49}},"s":{"0":0,"1":0,"2":0,"3":0,"4":0,"5":0,"6":0,"7":0,"8":0,"9":0,"10":0,"11":0,"12":0,"13":0,"14":0,"15":0,"16":0,"17":0,"18":0,"19":0,"20":0,"21":0,"22":0,"23":0,"24":0,"25":0,"26":0,"27":0},"f":{"0":0,"1":0,"2":0,"3":0,"4":0,"5":0,"6":0},"b":{"0":[0,0],"1":[0,0],"2":[0,0],"3":[0,0]}}
,"D:\\StudyDemo\\umiJS\\flash\\src\\components\\MachineState\\RobotGraph.js": {"path":"D:\\StudyDemo\\umiJS\\flash\\src\\components\\MachineState\\RobotGraph.js","statementMap":{"0":{"start":{"line":9,"column":19},"end":{"line":9,"column":26}},"1":{"start":{"line":10,"column":2},"end":{"line":12,"column":3}},"2":{"start":{"line":11,"column":4},"end":{"line":11,"column":14}},"3":{"start":{"line":13,"column":25},"end":{"line":13,"column":62}},"4":{"start":{"line":14,"column":2},"end":{"line":16,"column":3}},"5":{"start":{"line":15,"column":4},"end":{"line":15,"column":14}},"6":{"start":{"line":21,"column":2},"end":{"line":23,"column":4}},"7":{"start":{"line":26,"column":12},"end":{"line":28,"column":5}},"8":{"start":{"line":31,"column":20},"end":{"line":31,"column":44}},"9":{"start":{"line":32,"column":6},"end":{"line":32,"column":35}},"10":{"start":{"line":33,"column":6},"end":{"line":33,"column":26}},"11":{"start":{"line":34,"column":6},"end":{"line":34,"column":25}},"12":{"start":{"line":35,"column":6},"end":{"line":37,"column":9}},"13":{"start":{"line":36,"column":8},"end":{"line":36,"column":28}},"14":{"start":{"line":41,"column":30},"end":{"line":41,"column":40}},"15":{"start":{"line":42,"column":6},"end":{"line":44,"column":7}},"16":{"start":{"line":43,"column":8},"end":{"line":43,"column":15}},"17":{"start":{"line":45,"column":18},"end":{"line":45,"column":32}},"18":{"start":{"line":46,"column":19},"end":{"line":46,"column":33}},"19":{"start":{"line":47,"column":18},"end":{"line":47,"column":32}},"20":{"start":{"line":48,"column":22},"end":{"line":48,"column":36}},"21":{"start":{"line":50,"column":6},"end":{"line":79,"column":9}},"22":{"start":{"line":83,"column":6},"end":{"line":90,"column":8}},"23":{"start":{"line":87,"column":12},"end":{"line":87,"column":29}}},"fnMap":{"0":{"name":"(anonymous_0)","decl":{"start":{"line":8,"column":23},"end":{"line":8,"column":24}},"loc":{"start":{"line":8,"column":40},"end":{"line":24,"column":1}},"line":8},"1":{"name":"(anonymous_1)","decl":{"start":{"line":30,"column":4},"end":{"line":30,"column":5}},"loc":{"start":{"line":30,"column":24},"end":{"line":38,"column":5}},"line":30},"2":{"name":"(anonymous_2)","decl":{"start":{"line":35,"column":40},"end":{"line":35,"column":41}},"loc":{"start":{"line":35,"column":46},"end":{"line":37,"column":7}},"line":35},"3":{"name":"(anonymous_3)","decl":{"start":{"line":40,"column":4},"end":{"line":40,"column":5}},"loc":{"start":{"line":40,"column":25},"end":{"line":80,"column":5}},"line":40},"4":{"name":"(anonymous_4)","decl":{"start":{"line":82,"column":4},"end":{"line":82,"column":5}},"loc":{"start":{"line":82,"column":13},"end":{"line":91,"column":5}},"line":82},"5":{"name":"(anonymous_5)","decl":{"start":{"line":86,"column":15},"end":{"line":86,"column":16}},"loc":{"start":{"line":86,"column":22},"end":{"line":88,"column":11}},"line":86}},"branchMap":{"0":{"loc":{"start":{"line":10,"column":2},"end":{"line":12,"column":3}},"type":"if","locations":[{"start":{"line":10,"column":2},"end":{"line":12,"column":3}},{"start":{"line":10,"column":2},"end":{"line":12,"column":3}}],"line":10},"1":{"loc":{"start":{"line":14,"column":2},"end":{"line":16,"column":3}},"type":"if","locations":[{"start":{"line":14,"column":2},"end":{"line":16,"column":3}},{"start":{"line":14,"column":2},"end":{"line":16,"column":3}}],"line":14},"2":{"loc":{"start":{"line":42,"column":6},"end":{"line":44,"column":7}},"type":"if","locations":[{"start":{"line":42,"column":6},"end":{"line":44,"column":7}},{"start":{"line":42,"column":6},"end":{"line":44,"column":7}}],"line":42}},"s":{"0":0,"1":0,"2":0,"3":0,"4":0,"5":0,"6":0,"7":0,"8":0,"9":0,"10":0,"11":0,"12":0,"13":0,"14":0,"15":0,"16":0,"17":0,"18":0,"19":0,"20":0,"21":0,"22":0,"23":0},"f":{"0":0,"1":0,"2":0,"3":0,"4":0,"5":0},"b":{"0":[0,0],"1":[0,0],"2":[0,0]}}
,"D:\\StudyDemo\\umiJS\\flash\\src\\components\\MachineState\\index.js": {"path":"D:\\StudyDemo\\umiJS\\flash\\src\\components\\MachineState\\index.js","statementMap":{"0":{"start":{"line":11,"column":21},"end":{"line":26,"column":1}},"1":{"start":{"line":12,"column":26},"end":{"line":12,"column":31}},"2":{"start":{"line":13,"column":2},"end":{"line":15,"column":3}},"3":{"start":{"line":14,"column":4},"end":{"line":14,"column":56}},"4":{"start":{"line":16,"column":2},"end":{"line":18,"column":3}},"5":{"start":{"line":17,"column":4},"end":{"line":17,"column":59}},"6":{"start":{"line":20,"column":2},"end":{"line":24,"column":4}}},"fnMap":{"0":{"name":"(anonymous_0)","decl":{"start":{"line":11,"column":21},"end":{"line":11,"column":22}},"loc":{"start":{"line":11,"column":30},"end":{"line":26,"column":1}},"line":11}},"branchMap":{"0":{"loc":{"start":{"line":13,"column":2},"end":{"line":15,"column":3}},"type":"if","locations":[{"start":{"line":13,"column":2},"end":{"line":15,"column":3}},{"start":{"line":13,"column":2},"end":{"line":15,"column":3}}],"line":13},"1":{"loc":{"start":{"line":16,"column":2},"end":{"line":18,"column":3}},"type":"if","locations":[{"start":{"line":16,"column":2},"end":{"line":18,"column":3}},{"start":{"line":16,"column":2},"end":{"line":18,"column":3}}],"line":16}},"s":{"0":0,"1":0,"2":0,"3":0,"4":0,"5":0,"6":0},"f":{"0":0},"b":{"0":[0,0],"1":[0,0]}}
,"D:\\StudyDemo\\umiJS\\flash\\src\\components\\MachineState\\indexPhonePage.js": {"path":"D:\\StudyDemo\\umiJS\\flash\\src\\components\\MachineState\\indexPhonePage.js","statementMap":{"0":{"start":{"line":11,"column":21},"end":{"line":26,"column":1}},"1":{"start":{"line":12,"column":26},"end":{"line":12,"column":31}},"2":{"start":{"line":13,"column":2},"end":{"line":15,"column":3}},"3":{"start":{"line":14,"column":4},"end":{"line":14,"column":56}},"4":{"start":{"line":16,"column":2},"end":{"line":18,"column":3}},"5":{"start":{"line":17,"column":4},"end":{"line":17,"column":59}},"6":{"start":{"line":20,"column":2},"end":{"line":24,"column":4}}},"fnMap":{"0":{"name":"(anonymous_0)","decl":{"start":{"line":11,"column":21},"end":{"line":11,"column":22}},"loc":{"start":{"line":11,"column":30},"end":{"line":26,"column":1}},"line":11}},"branchMap":{"0":{"loc":{"start":{"line":13,"column":2},"end":{"line":15,"column":3}},"type":"if","locations":[{"start":{"line":13,"column":2},"end":{"line":15,"column":3}},{"start":{"line":13,"column":2},"end":{"line":15,"column":3}}],"line":13},"1":{"loc":{"start":{"line":16,"column":2},"end":{"line":18,"column":3}},"type":"if","locations":[{"start":{"line":16,"column":2},"end":{"line":18,"column":3}},{"start":{"line":16,"column":2},"end":{"line":18,"column":3}}],"line":16}},"s":{"0":0,"1":0,"2":0,"3":0,"4":0,"5":0,"6":0},"f":{"0":0},"b":{"0":[0,0],"1":[0,0]}}
,"D:\\StudyDemo\\umiJS\\flash\\src\\components\\MachineState\\utils.js": {"path":"D:\\StudyDemo\\umiJS\\flash\\src\\components\\MachineState\\utils.js","statementMap":{"0":{"start":{"line":10,"column":23},"end":{"line":31,"column":1}},"1":{"start":{"line":33,"column":20},"end":{"line":72,"column":1}},"2":{"start":{"line":75,"column":24},"end":{"line":104,"column":1}},"3":{"start":{"line":106,"column":30},"end":{"line":179,"column":1}},"4":{"start":{"line":181,"column":27},"end":{"line":218,"column":1}},"5":{"start":{"line":221,"column":2},"end":{"line":240,"column":3}},"6":{"start":{"line":223,"column":6},"end":{"line":223,"column":17}},"7":{"start":{"line":225,"column":6},"end":{"line":225,"column":17}},"8":{"start":{"line":227,"column":6},"end":{"line":227,"column":17}},"9":{"start":{"line":229,"column":6},"end":{"line":229,"column":17}},"10":{"start":{"line":231,"column":6},"end":{"line":231,"column":17}},"11":{"start":{"line":233,"column":6},"end":{"line":233,"column":17}},"12":{"start":{"line":235,"column":6},"end":{"line":235,"column":19}},"13":{"start":{"line":237,"column":6},"end":{"line":237,"column":19}},"14":{"start":{"line":239,"column":6},"end":{"line":239,"column":16}},"15":{"start":{"line":244,"column":2},"end":{"line":257,"column":3}},"16":{"start":{"line":246,"column":6},"end":{"line":246,"column":18}},"17":{"start":{"line":248,"column":6},"end":{"line":248,"column":18}},"18":{"start":{"line":250,"column":6},"end":{"line":250,"column":18}},"19":{"start":{"line":252,"column":6},"end":{"line":252,"column":18}},"20":{"start":{"line":254,"column":6},"end":{"line":254,"column":19}},"21":{"start":{"line":256,"column":6},"end":{"line":256,"column":16}},"22":{"start":{"line":260,"column":28},"end":{"line":367,"column":1}},"23":{"start":{"line":262,"column":19},"end":{"line":262,"column":26}},"24":{"start":{"line":264,"column":20},"end":{"line":281,"column":3}},"25":{"start":{"line":285,"column":2},"end":{"line":289,"column":3}},"26":{"start":{"line":286,"column":4},"end":{"line":288,"column":6}},"27":{"start":{"line":294,"column":3},"end":{"line":315,"column":3}},"28":{"start":{"line":295,"column":4},"end":{"line":295,"column":59}},"29":{"start":{"line":296,"column":19},"end":{"line":296,"column":36}},"30":{"start":{"line":297,"column":20},"end":{"line":297,"column":57}},"31":{"start":{"line":298,"column":4},"end":{"line":314,"column":5}},"32":{"start":{"line":299,"column":6},"end":{"line":305,"column":8}},"33":{"start":{"line":307,"column":6},"end":{"line":313,"column":8}},"34":{"start":{"line":317,"column":21},"end":{"line":317,"column":88}},"35":{"start":{"line":319,"column":2},"end":{"line":323,"column":3}},"36":{"start":{"line":320,"column":4},"end":{"line":322,"column":6}},"37":{"start":{"line":325,"column":19},"end":{"line":325,"column":93}},"38":{"start":{"line":327,"column":2},"end":{"line":333,"column":3}},"39":{"start":{"line":328,"column":4},"end":{"line":332,"column":6}},"40":{"start":{"line":335,"column":2},"end":{"line":347,"column":3}},"41":{"start":{"line":336,"column":4},"end":{"line":346,"column":6}},"42":{"start":{"line":349,"column":2},"end":{"line":366,"column":4}}},"fnMap":{"0":{"name":"getXYZWPR","decl":{"start":{"line":220,"column":16},"end":{"line":220,"column":25}},"loc":{"start":{"line":220,"column":33},"end":{"line":241,"column":1}},"line":220},"1":{"name":"getSpdrate","decl":{"start":{"line":243,"column":16},"end":{"line":243,"column":26}},"loc":{"start":{"line":243,"column":34},"end":{"line":258,"column":1}},"line":243},"2":{"name":"(anonymous_2)","decl":{"start":{"line":260,"column":28},"end":{"line":260,"column":29}},"loc":{"start":{"line":260,"column":71},"end":{"line":367,"column":1}},"line":260}},"branchMap":{"0":{"loc":{"start":{"line":221,"column":2},"end":{"line":240,"column":3}},"type":"switch","locations":[{"start":{"line":222,"column":4},"end":{"line":223,"column":17}},{"start":{"line":224,"column":4},"end":{"line":225,"column":17}},{"start":{"line":226,"column":4},"end":{"line":227,"column":17}},{"start":{"line":228,"column":4},"end":{"line":229,"column":17}},{"start":{"line":230,"column":4},"end":{"line":231,"column":17}},{"start":{"line":232,"column":4},"end":{"line":233,"column":17}},{"start":{"line":234,"column":4},"end":{"line":235,"column":19}},{"start":{"line":236,"column":4},"end":{"line":237,"column":19}},{"start":{"line":238,"column":4},"end":{"line":239,"column":16}}],"line":221},"1":{"loc":{"start":{"line":244,"column":2},"end":{"line":257,"column":3}},"type":"switch","locations":[{"start":{"line":245,"column":4},"end":{"line":246,"column":18}},{"start":{"line":247,"column":4},"end":{"line":248,"column":18}},{"start":{"line":249,"column":4},"end":{"line":250,"column":18}},{"start":{"line":251,"column":4},"end":{"line":252,"column":18}},{"start":{"line":253,"column":4},"end":{"line":254,"column":19}},{"start":{"line":255,"column":4},"end":{"line":256,"column":16}}],"line":244},"2":{"loc":{"start":{"line":285,"column":2},"end":{"line":289,"column":3}},"type":"if","locations":[{"start":{"line":285,"column":2},"end":{"line":289,"column":3}},{"start":{"line":285,"column":2},"end":{"line":289,"column":3}}],"line":285},"3":{"loc":{"start":{"line":285,"column":6},"end":{"line":285,"column":80}},"type":"binary-expr","locations":[{"start":{"line":285,"column":6},"end":{"line":285,"column":22}},{"start":{"line":285,"column":27},"end":{"line":285,"column":50}},{"start":{"line":285,"column":54},"end":{"line":285,"column":79}}],"line":285},"4":{"loc":{"start":{"line":294,"column":3},"end":{"line":315,"column":3}},"type":"if","locations":[{"start":{"line":294,"column":3},"end":{"line":315,"column":3}},{"start":{"line":294,"column":3},"end":{"line":315,"column":3}}],"line":294},"5":{"loc":{"start":{"line":298,"column":4},"end":{"line":314,"column":5}},"type":"if","locations":[{"start":{"line":298,"column":4},"end":{"line":314,"column":5}},{"start":{"line":298,"column":4},"end":{"line":314,"column":5}}],"line":298},"6":{"loc":{"start":{"line":317,"column":21},"end":{"line":317,"column":88}},"type":"cond-expr","locations":[{"start":{"line":317,"column":53},"end":{"line":317,"column":83}},{"start":{"line":317,"column":84},"end":{"line":317,"column":88}}],"line":317},"7":{"loc":{"start":{"line":319,"column":2},"end":{"line":323,"column":3}},"type":"if","locations":[{"start":{"line":319,"column":2},"end":{"line":323,"column":3}},{"start":{"line":319,"column":2},"end":{"line":323,"column":3}}],"line":319},"8":{"loc":{"start":{"line":325,"column":19},"end":{"line":325,"column":93}},"type":"cond-expr","locations":[{"start":{"line":325,"column":54},"end":{"line":325,"column":88}},{"start":{"line":325,"column":89},"end":{"line":325,"column":93}}],"line":325},"9":{"loc":{"start":{"line":327,"column":2},"end":{"line":333,"column":3}},"type":"if","locations":[{"start":{"line":327,"column":2},"end":{"line":333,"column":3}},{"start":{"line":327,"column":2},"end":{"line":333,"column":3}}],"line":327},"10":{"loc":{"start":{"line":331,"column":9},"end":{"line":331,"column":47}},"type":"cond-expr","locations":[{"start":{"line":331,"column":26},"end":{"line":331,"column":40}},{"start":{"line":331,"column":43},"end":{"line":331,"column":47}}],"line":331},"11":{"loc":{"start":{"line":335,"column":2},"end":{"line":347,"column":3}},"type":"if","locations":[{"start":{"line":335,"column":2},"end":{"line":347,"column":3}},{"start":{"line":335,"column":2},"end":{"line":347,"column":3}}],"line":335},"12":{"loc":{"start":{"line":338,"column":13},"end":{"line":338,"column":51}},"type":"cond-expr","locations":[{"start":{"line":338,"column":30},"end":{"line":338,"column":44}},{"start":{"line":338,"column":47},"end":{"line":338,"column":51}}],"line":338},"13":{"loc":{"start":{"line":351,"column":9},"end":{"line":351,"column":47}},"type":"cond-expr","locations":[{"start":{"line":351,"column":26},"end":{"line":351,"column":40}},{"start":{"line":351,"column":43},"end":{"line":351,"column":47}}],"line":351}},"s":{"0":0,"1":0,"2":0,"3":0,"4":0,"5":0,"6":0,"7":0,"8":0,"9":0,"10":0,"11":0,"12":0,"13":0,"14":0,"15":0,"16":0,"17":0,"18":0,"19":0,"20":0,"21":0,"22":0,"23":0,"24":0,"25":0,"26":0,"27":0,"28":0,"29":0,"30":0,"31":0,"32":0,"33":0,"34":0,"35":0,"36":0,"37":0,"38":0,"39":0,"40":0,"41":0,"42":0},"f":{"0":0,"1":0,"2":0},"b":{"0":[0,0,0,0,0,0,0,0,0],"1":[0,0,0,0,0,0],"2":[0,0],"3":[0,0,0],"4":[0,0],"5":[0,0],"6":[0,0],"7":[0,0],"8":[0,0],"9":[0,0],"10":[0,0],"11":[0,0],"12":[0,0],"13":[0,0]}}
,"D:\\StudyDemo\\umiJS\\flash\\src\\components\\MachineState\\CNCState\\AlarmTable.js": {"path":"D:\\StudyDemo\\umiJS\\flash\\src\\components\\MachineState\\CNCState\\AlarmTable.js","statementMap":{"0":{"start":{"line":10,"column":21},"end":{"line":10,"column":28}},"1":{"start":{"line":11,"column":4},"end":{"line":18,"column":5}},"2":{"start":{"line":12,"column":8},"end":{"line":17,"column":10}},"3":{"start":{"line":19,"column":22},"end":{"line":19,"column":50}},"4":{"start":{"line":21,"column":4},"end":{"line":24,"column":5}},"5":{"start":{"line":22,"column":8},"end":{"line":22,"column":30}},"6":{"start":{"line":23,"column":8},"end":{"line":23,"column":44}},"7":{"start":{"line":26,"column":4},"end":{"line":32,"column":6}},"8":{"start":{"line":37,"column":23},"end":{"line":51,"column":9}},"9":{"start":{"line":38,"column":57},"end":{"line":38,"column":67}},"10":{"start":{"line":39,"column":28},"end":{"line":39,"column":67}},"11":{"start":{"line":40,"column":12},"end":{"line":50,"column":13}},"12":{"start":{"line":41,"column":16},"end":{"line":49,"column":19}},"13":{"start":{"line":54,"column":64},"end":{"line":54,"column":74}},"14":{"start":{"line":55,"column":12},"end":{"line":64,"column":13}},"15":{"start":{"line":56,"column":13},"end":{"line":63,"column":15}},"16":{"start":{"line":68,"column":78},"end":{"line":68,"column":88}},"17":{"start":{"line":69,"column":12},"end":{"line":78,"column":13}},"18":{"start":{"line":70,"column":13},"end":{"line":77,"column":15}},"19":{"start":{"line":84,"column":79},"end":{"line":84,"column":89}},"20":{"start":{"line":85,"column":12},"end":{"line":91,"column":13}},"21":{"start":{"line":86,"column":16},"end":{"line":90,"column":18}},"22":{"start":{"line":93,"column":12},"end":{"line":129,"column":14}}},"fnMap":{"0":{"name":"(anonymous_0)","decl":{"start":{"line":9,"column":23},"end":{"line":9,"column":24}},"loc":{"start":{"line":9,"column":47},"end":{"line":33,"column":1}},"line":9},"1":{"name":"(anonymous_1)","decl":{"start":{"line":37,"column":23},"end":{"line":37,"column":24}},"loc":{"start":{"line":37,"column":31},"end":{"line":51,"column":9}},"line":37},"2":{"name":"(anonymous_2)","decl":{"start":{"line":53,"column":8},"end":{"line":53,"column":9}},"loc":{"start":{"line":53,"column":28},"end":{"line":65,"column":10}},"line":53},"3":{"name":"(anonymous_3)","decl":{"start":{"line":67,"column":8},"end":{"line":67,"column":9}},"loc":{"start":{"line":67,"column":29},"end":{"line":80,"column":9}},"line":67},"4":{"name":"(anonymous_4)","decl":{"start":{"line":83,"column":8},"end":{"line":83,"column":9}},"loc":{"start":{"line":83,"column":17},"end":{"line":130,"column":9}},"line":83}},"branchMap":{"0":{"loc":{"start":{"line":11,"column":4},"end":{"line":18,"column":5}},"type":"if","locations":[{"start":{"line":11,"column":4},"end":{"line":18,"column":5}},{"start":{"line":11,"column":4},"end":{"line":18,"column":5}}],"line":11},"1":{"loc":{"start":{"line":11,"column":8},"end":{"line":11,"column":82}},"type":"binary-expr","locations":[{"start":{"line":11,"column":8},"end":{"line":11,"column":24}},{"start":{"line":11,"column":29},"end":{"line":11,"column":52}},{"start":{"line":11,"column":56},"end":{"line":11,"column":81}}],"line":11},"2":{"loc":{"start":{"line":21,"column":4},"end":{"line":24,"column":5}},"type":"if","locations":[{"start":{"line":21,"column":4},"end":{"line":24,"column":5}},{"start":{"line":21,"column":4},"end":{"line":24,"column":5}}],"line":21},"3":{"loc":{"start":{"line":29,"column":13},"end":{"line":29,"column":91}},"type":"cond-expr","locations":[{"start":{"line":29,"column":50},"end":{"line":29,"column":84}},{"start":{"line":29,"column":87},"end":{"line":29,"column":91}}],"line":29},"4":{"loc":{"start":{"line":30,"column":14},"end":{"line":30,"column":25}},"type":"binary-expr","locations":[{"start":{"line":30,"column":14},"end":{"line":30,"column":18}},{"start":{"line":30,"column":21},"end":{"line":30,"column":25}}],"line":30},"5":{"loc":{"start":{"line":31,"column":20},"end":{"line":31,"column":37}},"type":"binary-expr","locations":[{"start":{"line":31,"column":20},"end":{"line":31,"column":31}},{"start":{"line":31,"column":33},"end":{"line":31,"column":37}}],"line":31},"6":{"loc":{"start":{"line":40,"column":12},"end":{"line":50,"column":13}},"type":"if","locations":[{"start":{"line":40,"column":12},"end":{"line":50,"column":13}},{"start":{"line":40,"column":12},"end":{"line":50,"column":13}}],"line":40},"7":{"loc":{"start":{"line":40,"column":16},"end":{"line":40,"column":75}},"type":"binary-expr","locations":[{"start":{"line":40,"column":16},"end":{"line":40,"column":42}},{"start":{"line":40,"column":46},"end":{"line":40,"column":75}}],"line":40},"8":{"loc":{"start":{"line":55,"column":12},"end":{"line":64,"column":13}},"type":"if","locations":[{"start":{"line":55,"column":12},"end":{"line":64,"column":13}},{"start":{"line":55,"column":12},"end":{"line":64,"column":13}}],"line":55},"9":{"loc":{"start":{"line":69,"column":12},"end":{"line":78,"column":13}},"type":"if","locations":[{"start":{"line":69,"column":12},"end":{"line":78,"column":13}},{"start":{"line":69,"column":12},"end":{"line":78,"column":13}}],"line":69},"10":{"loc":{"start":{"line":85,"column":12},"end":{"line":91,"column":13}},"type":"if","locations":[{"start":{"line":85,"column":12},"end":{"line":91,"column":13}},{"start":{"line":85,"column":12},"end":{"line":91,"column":13}}],"line":85},"11":{"loc":{"start":{"line":85,"column":16},"end":{"line":85,"column":53}},"type":"binary-expr","locations":[{"start":{"line":85,"column":16},"end":{"line":85,"column":27}},{"start":{"line":85,"column":31},"end":{"line":85,"column":53}}],"line":85},"12":{"loc":{"start":{"line":122,"column":37},"end":{"line":122,"column":63}},"type":"cond-expr","locations":[{"start":{"line":122,"column":46},"end":{"line":122,"column":53}},{"start":{"line":122,"column":54},"end":{"line":122,"column":63}}],"line":122}},"s":{"0":0,"1":0,"2":0,"3":0,"4":0,"5":0,"6":0,"7":0,"8":0,"9":0,"10":0,"11":0,"12":0,"13":0,"14":0,"15":0,"16":0,"17":0,"18":0,"19":0,"20":0,"21":0,"22":0},"f":{"0":0,"1":0,"2":0,"3":0,"4":0},"b":{"0":[0,0],"1":[0,0,0],"2":[0,0],"3":[0,0],"4":[0,0],"5":[0,0],"6":[0,0],"7":[0,0],"8":[0,0],"9":[0,0],"10":[0,0],"11":[0,0],"12":[0,0]}}
,"D:\\StudyDemo\\umiJS\\flash\\src\\components\\MachineState\\CNCState\\CNCModelState.js": {"path":"D:\\StudyDemo\\umiJS\\flash\\src\\components\\MachineState\\CNCState\\CNCModelState.js","statementMap":{"0":{"start":{"line":5,"column":22},"end":{"line":60,"column":1}},"1":{"start":{"line":7,"column":65},"end":{"line":7,"column":70}},"2":{"start":{"line":8,"column":23},"end":{"line":8,"column":62}},"3":{"start":{"line":9,"column":4},"end":{"line":59,"column":5}}},"fnMap":{"0":{"name":"(anonymous_0)","decl":{"start":{"line":5,"column":22},"end":{"line":5,"column":23}},"loc":{"start":{"line":5,"column":33},"end":{"line":60,"column":1}},"line":5}},"branchMap":{"0":{"loc":{"start":{"line":22,"column":21},"end":{"line":22,"column":64}},"type":"cond-expr","locations":[{"start":{"line":22,"column":39},"end":{"line":22,"column":56}},{"start":{"line":22,"column":60},"end":{"line":22,"column":64}}],"line":22},"1":{"loc":{"start":{"line":23,"column":21},"end":{"line":23,"column":64}},"type":"cond-expr","locations":[{"start":{"line":23,"column":38},"end":{"line":23,"column":56}},{"start":{"line":23,"column":60},"end":{"line":23,"column":64}}],"line":23},"2":{"loc":{"start":{"line":24,"column":21},"end":{"line":24,"column":63}},"type":"cond-expr","locations":[{"start":{"line":24,"column":38},"end":{"line":24,"column":55}},{"start":{"line":24,"column":59},"end":{"line":24,"column":63}}],"line":24},"3":{"loc":{"start":{"line":25,"column":21},"end":{"line":25,"column":61}},"type":"cond-expr","locations":[{"start":{"line":25,"column":38},"end":{"line":25,"column":42}},{"start":{"line":25,"column":45},"end":{"line":25,"column":61}}],"line":25},"4":{"loc":{"start":{"line":28,"column":21},"end":{"line":28,"column":64}},"type":"cond-expr","locations":[{"start":{"line":28,"column":39},"end":{"line":28,"column":56}},{"start":{"line":28,"column":60},"end":{"line":28,"column":64}}],"line":28},"5":{"loc":{"start":{"line":29,"column":21},"end":{"line":29,"column":64}},"type":"cond-expr","locations":[{"start":{"line":29,"column":38},"end":{"line":29,"column":56}},{"start":{"line":29,"column":60},"end":{"line":29,"column":64}}],"line":29},"6":{"loc":{"start":{"line":30,"column":21},"end":{"line":30,"column":63}},"type":"cond-expr","locations":[{"start":{"line":30,"column":38},"end":{"line":30,"column":55}},{"start":{"line":30,"column":59},"end":{"line":30,"column":63}}],"line":30},"7":{"loc":{"start":{"line":31,"column":21},"end":{"line":31,"column":61}},"type":"cond-expr","locations":[{"start":{"line":31,"column":38},"end":{"line":31,"column":42}},{"start":{"line":31,"column":45},"end":{"line":31,"column":61}}],"line":31},"8":{"loc":{"start":{"line":34,"column":21},"end":{"line":34,"column":74}},"type":"cond-expr","locations":[{"start":{"line":34,"column":44},"end":{"line":34,"column":66}},{"start":{"line":34,"column":70},"end":{"line":34,"column":74}}],"line":34},"9":{"loc":{"start":{"line":35,"column":21},"end":{"line":35,"column":74}},"type":"cond-expr","locations":[{"start":{"line":35,"column":43},"end":{"line":35,"column":66}},{"start":{"line":35,"column":70},"end":{"line":35,"column":74}}],"line":35},"10":{"loc":{"start":{"line":36,"column":21},"end":{"line":36,"column":73}},"type":"cond-expr","locations":[{"start":{"line":36,"column":43},"end":{"line":36,"column":65}},{"start":{"line":36,"column":69},"end":{"line":36,"column":73}}],"line":36},"11":{"loc":{"start":{"line":37,"column":21},"end":{"line":37,"column":73}},"type":"cond-expr","locations":[{"start":{"line":37,"column":43},"end":{"line":37,"column":47}},{"start":{"line":37,"column":51},"end":{"line":37,"column":72}}],"line":37}},"s":{"0":0,"1":0,"2":0,"3":0},"f":{"0":0},"b":{"0":[0,0],"1":[0,0],"2":[0,0],"3":[0,0],"4":[0,0],"5":[0,0],"6":[0,0],"7":[0,0],"8":[0,0],"9":[0,0],"10":[0,0],"11":[0,0]}}
,"D:\\StudyDemo\\umiJS\\flash\\src\\components\\MachineState\\CNCState\\CNCModelStatic.js": {"path":"D:\\StudyDemo\\umiJS\\flash\\src\\components\\MachineState\\CNCState\\CNCModelStatic.js","statementMap":{"0":{"start":{"line":6,"column":22},"end":{"line":61,"column":1}},"1":{"start":{"line":8,"column":65},"end":{"line":8,"column":70}},"2":{"start":{"line":9,"column":23},"end":{"line":9,"column":62}},"3":{"start":{"line":10,"column":4},"end":{"line":60,"column":5}}},"fnMap":{"0":{"name":"(anonymous_0)","decl":{"start":{"line":6,"column":22},"end":{"line":6,"column":23}},"loc":{"start":{"line":6,"column":33},"end":{"line":61,"column":1}},"line":6}},"branchMap":{"0":{"loc":{"start":{"line":23,"column":21},"end":{"line":23,"column":64}},"type":"cond-expr","locations":[{"start":{"line":23,"column":39},"end":{"line":23,"column":56}},{"start":{"line":23,"column":60},"end":{"line":23,"column":64}}],"line":23},"1":{"loc":{"start":{"line":24,"column":21},"end":{"line":24,"column":64}},"type":"cond-expr","locations":[{"start":{"line":24,"column":38},"end":{"line":24,"column":56}},{"start":{"line":24,"column":60},"end":{"line":24,"column":64}}],"line":24},"2":{"loc":{"start":{"line":25,"column":21},"end":{"line":25,"column":63}},"type":"cond-expr","locations":[{"start":{"line":25,"column":38},"end":{"line":25,"column":55}},{"start":{"line":25,"column":59},"end":{"line":25,"column":63}}],"line":25},"3":{"loc":{"start":{"line":26,"column":21},"end":{"line":26,"column":61}},"type":"cond-expr","locations":[{"start":{"line":26,"column":38},"end":{"line":26,"column":42}},{"start":{"line":26,"column":45},"end":{"line":26,"column":61}}],"line":26},"4":{"loc":{"start":{"line":29,"column":21},"end":{"line":29,"column":64}},"type":"cond-expr","locations":[{"start":{"line":29,"column":39},"end":{"line":29,"column":56}},{"start":{"line":29,"column":60},"end":{"line":29,"column":64}}],"line":29},"5":{"loc":{"start":{"line":30,"column":21},"end":{"line":30,"column":64}},"type":"cond-expr","locations":[{"start":{"line":30,"column":38},"end":{"line":30,"column":56}},{"start":{"line":30,"column":60},"end":{"line":30,"column":64}}],"line":30},"6":{"loc":{"start":{"line":31,"column":21},"end":{"line":31,"column":63}},"type":"cond-expr","locations":[{"start":{"line":31,"column":38},"end":{"line":31,"column":55}},{"start":{"line":31,"column":59},"end":{"line":31,"column":63}}],"line":31},"7":{"loc":{"start":{"line":32,"column":21},"end":{"line":32,"column":61}},"type":"cond-expr","locations":[{"start":{"line":32,"column":38},"end":{"line":32,"column":42}},{"start":{"line":32,"column":45},"end":{"line":32,"column":61}}],"line":32},"8":{"loc":{"start":{"line":35,"column":21},"end":{"line":35,"column":74}},"type":"cond-expr","locations":[{"start":{"line":35,"column":44},"end":{"line":35,"column":66}},{"start":{"line":35,"column":70},"end":{"line":35,"column":74}}],"line":35},"9":{"loc":{"start":{"line":36,"column":21},"end":{"line":36,"column":74}},"type":"cond-expr","locations":[{"start":{"line":36,"column":43},"end":{"line":36,"column":66}},{"start":{"line":36,"column":70},"end":{"line":36,"column":74}}],"line":36},"10":{"loc":{"start":{"line":37,"column":21},"end":{"line":37,"column":73}},"type":"cond-expr","locations":[{"start":{"line":37,"column":43},"end":{"line":37,"column":65}},{"start":{"line":37,"column":69},"end":{"line":37,"column":73}}],"line":37},"11":{"loc":{"start":{"line":38,"column":21},"end":{"line":38,"column":73}},"type":"cond-expr","locations":[{"start":{"line":38,"column":43},"end":{"line":38,"column":47}},{"start":{"line":38,"column":51},"end":{"line":38,"column":72}}],"line":38}},"s":{"0":0,"1":0,"2":0,"3":0},"f":{"0":0},"b":{"0":[0,0],"1":[0,0],"2":[0,0],"3":[0,0],"4":[0,0],"5":[0,0],"6":[0,0],"7":[0,0],"8":[0,0],"9":[0,0],"10":[0,0],"11":[0,0]}}
,"D:\\StudyDemo\\umiJS\\flash\\src\\components\\MachineState\\CNCState\\CNCStateL.js": {"path":"D:\\StudyDemo\\umiJS\\flash\\src\\components\\MachineState\\CNCState\\CNCStateL.js","statementMap":{"0":{"start":{"line":6,"column":18},"end":{"line":30,"column":1}},"1":{"start":{"line":7,"column":25},"end":{"line":7,"column":30}},"2":{"start":{"line":8,"column":2},"end":{"line":14,"column":3}},"3":{"start":{"line":9,"column":4},"end":{"line":13,"column":6}},"4":{"start":{"line":15,"column":2},"end":{"line":18,"column":3}},"5":{"start":{"line":16,"column":4},"end":{"line":16,"column":78}},"6":{"start":{"line":17,"column":4},"end":{"line":17,"column":19}},"7":{"start":{"line":20,"column":2},"end":{"line":29,"column":4}},"8":{"start":{"line":23,"column":8},"end":{"line":26,"column":14}}},"fnMap":{"0":{"name":"(anonymous_0)","decl":{"start":{"line":6,"column":18},"end":{"line":6,"column":19}},"loc":{"start":{"line":6,"column":27},"end":{"line":30,"column":1}},"line":6},"1":{"name":"(anonymous_1)","decl":{"start":{"line":22,"column":16},"end":{"line":22,"column":17}},"loc":{"start":{"line":23,"column":8},"end":{"line":26,"column":14}},"line":23}},"branchMap":{"0":{"loc":{"start":{"line":8,"column":2},"end":{"line":14,"column":3}},"type":"if","locations":[{"start":{"line":8,"column":2},"end":{"line":14,"column":3}},{"start":{"line":8,"column":2},"end":{"line":14,"column":3}}],"line":8},"1":{"loc":{"start":{"line":8,"column":6},"end":{"line":8,"column":56}},"type":"binary-expr","locations":[{"start":{"line":8,"column":6},"end":{"line":8,"column":29}},{"start":{"line":8,"column":33},"end":{"line":8,"column":56}}],"line":8},"2":{"loc":{"start":{"line":15,"column":2},"end":{"line":18,"column":3}},"type":"if","locations":[{"start":{"line":15,"column":2},"end":{"line":18,"column":3}},{"start":{"line":15,"column":2},"end":{"line":18,"column":3}}],"line":15},"3":{"loc":{"start":{"line":15,"column":6},"end":{"line":15,"column":81}},"type":"binary-expr","locations":[{"start":{"line":15,"column":6},"end":{"line":15,"column":26}},{"start":{"line":15,"column":30},"end":{"line":15,"column":50}},{"start":{"line":15,"column":54},"end":{"line":15,"column":81}}],"line":15}},"s":{"0":0,"1":0,"2":0,"3":0,"4":0,"5":0,"6":0,"7":0,"8":0},"f":{"0":0,"1":0},"b":{"0":[0,0],"1":[0,0],"2":[0,0],"3":[0,0,0]}}
,"D:\\StudyDemo\\umiJS\\flash\\src\\components\\MachineState\\CNCState\\CNCStateLT.js": {"path":"D:\\StudyDemo\\umiJS\\flash\\src\\components\\MachineState\\CNCState\\CNCStateLT.js","statementMap":{"0":{"start":{"line":5,"column":15},"end":{"line":10,"column":1}},"1":{"start":{"line":14,"column":24},"end":{"line":14,"column":34}},"2":{"start":{"line":15,"column":31},"end":{"line":15,"column":41}},"3":{"start":{"line":16,"column":37},"end":{"line":16,"column":47}},"4":{"start":{"line":17,"column":4},"end":{"line":44,"column":6}}},"fnMap":{"0":{"name":"(anonymous_0)","decl":{"start":{"line":13,"column":2},"end":{"line":13,"column":3}},"loc":{"start":{"line":13,"column":11},"end":{"line":45,"column":3}},"line":13}},"branchMap":{},"s":{"0":0,"1":0,"2":0,"3":0,"4":0},"f":{"0":0},"b":{}}
,"D:\\StudyDemo\\umiJS\\flash\\src\\components\\MachineState\\CNCState\\CNCStateMessage.js": {"path":"D:\\StudyDemo\\umiJS\\flash\\src\\components\\MachineState\\CNCState\\CNCStateMessage.js","statementMap":{"0":{"start":{"line":6,"column":16},"end":{"line":12,"column":1}},"1":{"start":{"line":14,"column":24},"end":{"line":121,"column":1}},"2":{"start":{"line":15,"column":65},"end":{"line":15,"column":70}},"3":{"start":{"line":16,"column":23},"end":{"line":16,"column":62}},"4":{"start":{"line":17,"column":4},"end":{"line":120,"column":6}}},"fnMap":{"0":{"name":"(anonymous_0)","decl":{"start":{"line":14,"column":24},"end":{"line":14,"column":25}},"loc":{"start":{"line":14,"column":33},"end":{"line":121,"column":1}},"line":14}},"branchMap":{"0":{"loc":{"start":{"line":74,"column":33},"end":{"line":74,"column":76}},"type":"cond-expr","locations":[{"start":{"line":74,"column":51},"end":{"line":74,"column":68}},{"start":{"line":74,"column":72},"end":{"line":74,"column":76}}],"line":74},"1":{"loc":{"start":{"line":75,"column":33},"end":{"line":75,"column":76}},"type":"cond-expr","locations":[{"start":{"line":75,"column":50},"end":{"line":75,"column":68}},{"start":{"line":75,"column":72},"end":{"line":75,"column":76}}],"line":75},"2":{"loc":{"start":{"line":76,"column":33},"end":{"line":76,"column":75}},"type":"cond-expr","locations":[{"start":{"line":76,"column":50},"end":{"line":76,"column":67}},{"start":{"line":76,"column":71},"end":{"line":76,"column":75}}],"line":76},"3":{"loc":{"start":{"line":77,"column":33},"end":{"line":77,"column":73}},"type":"cond-expr","locations":[{"start":{"line":77,"column":50},"end":{"line":77,"column":54}},{"start":{"line":77,"column":57},"end":{"line":77,"column":73}}],"line":77},"4":{"loc":{"start":{"line":83,"column":33},"end":{"line":83,"column":76}},"type":"cond-expr","locations":[{"start":{"line":83,"column":51},"end":{"line":83,"column":68}},{"start":{"line":83,"column":72},"end":{"line":83,"column":76}}],"line":83},"5":{"loc":{"start":{"line":84,"column":33},"end":{"line":84,"column":76}},"type":"cond-expr","locations":[{"start":{"line":84,"column":50},"end":{"line":84,"column":68}},{"start":{"line":84,"column":72},"end":{"line":84,"column":76}}],"line":84},"6":{"loc":{"start":{"line":85,"column":33},"end":{"line":85,"column":75}},"type":"cond-expr","locations":[{"start":{"line":85,"column":50},"end":{"line":85,"column":67}},{"start":{"line":85,"column":71},"end":{"line":85,"column":75}}],"line":85},"7":{"loc":{"start":{"line":86,"column":33},"end":{"line":86,"column":73}},"type":"cond-expr","locations":[{"start":{"line":86,"column":50},"end":{"line":86,"column":54}},{"start":{"line":86,"column":57},"end":{"line":86,"column":73}}],"line":86},"8":{"loc":{"start":{"line":92,"column":33},"end":{"line":92,"column":86}},"type":"cond-expr","locations":[{"start":{"line":92,"column":56},"end":{"line":92,"column":78}},{"start":{"line":92,"column":82},"end":{"line":92,"column":86}}],"line":92},"9":{"loc":{"start":{"line":93,"column":33},"end":{"line":93,"column":86}},"type":"cond-expr","locations":[{"start":{"line":93,"column":55},"end":{"line":93,"column":78}},{"start":{"line":93,"column":82},"end":{"line":93,"column":86}}],"line":93},"10":{"loc":{"start":{"line":94,"column":33},"end":{"line":94,"column":85}},"type":"cond-expr","locations":[{"start":{"line":94,"column":55},"end":{"line":94,"column":77}},{"start":{"line":94,"column":81},"end":{"line":94,"column":85}}],"line":94},"11":{"loc":{"start":{"line":95,"column":33},"end":{"line":95,"column":85}},"type":"cond-expr","locations":[{"start":{"line":95,"column":55},"end":{"line":95,"column":59}},{"start":{"line":95,"column":63},"end":{"line":95,"column":84}}],"line":95}},"s":{"0":0,"1":0,"2":0,"3":0,"4":0},"f":{"0":0},"b":{"0":[0,0],"1":[0,0],"2":[0,0],"3":[0,0],"4":[0,0],"5":[0,0],"6":[0,0],"7":[0,0],"8":[0,0],"9":[0,0],"10":[0,0],"11":[0,0]}}
,"D:\\StudyDemo\\umiJS\\flash\\src\\components\\MachineState\\CNCState\\CNCStateR.js": {"path":"D:\\StudyDemo\\umiJS\\flash\\src\\components\\MachineState\\CNCState\\CNCStateR.js","statementMap":{"0":{"start":{"line":3,"column":18},"end":{"line":15,"column":1}},"1":{"start":{"line":4,"column":31},"end":{"line":4,"column":36}},"2":{"start":{"line":5,"column":2},"end":{"line":14,"column":4}}},"fnMap":{"0":{"name":"(anonymous_0)","decl":{"start":{"line":3,"column":18},"end":{"line":3,"column":19}},"loc":{"start":{"line":3,"column":27},"end":{"line":15,"column":1}},"line":3}},"branchMap":{},"s":{"0":0,"1":0,"2":0},"f":{"0":0},"b":{}}
,"D:\\StudyDemo\\umiJS\\flash\\src\\components\\MachineState\\CNCState\\CNCStateRT.js": {"path":"D:\\StudyDemo\\umiJS\\flash\\src\\components\\MachineState\\CNCState\\CNCStateRT.js","statementMap":{"0":{"start":{"line":4,"column":19},"end":{"line":34,"column":1}},"1":{"start":{"line":5,"column":40},"end":{"line":5,"column":45}},"2":{"start":{"line":6,"column":2},"end":{"line":33,"column":4}}},"fnMap":{"0":{"name":"(anonymous_0)","decl":{"start":{"line":4,"column":19},"end":{"line":4,"column":20}},"loc":{"start":{"line":4,"column":28},"end":{"line":34,"column":1}},"line":4}},"branchMap":{},"s":{"0":0,"1":0,"2":0},"f":{"0":0},"b":{}}
,"D:\\StudyDemo\\umiJS\\flash\\src\\components\\MachineState\\CNCState\\Coordinate.js": {"path":"D:\\StudyDemo\\umiJS\\flash\\src\\components\\MachineState\\CNCState\\Coordinate.js","statementMap":{"0":{"start":{"line":5,"column":19},"end":{"line":52,"column":1}},"1":{"start":{"line":6,"column":41},"end":{"line":6,"column":46}},"2":{"start":{"line":7,"column":2},"end":{"line":51,"column":4}},"3":{"start":{"line":40,"column":43},"end":{"line":47,"column":13}}},"fnMap":{"0":{"name":"(anonymous_0)","decl":{"start":{"line":5,"column":19},"end":{"line":5,"column":20}},"loc":{"start":{"line":5,"column":28},"end":{"line":52,"column":1}},"line":5},"1":{"name":"(anonymous_1)","decl":{"start":{"line":40,"column":29},"end":{"line":40,"column":30}},"loc":{"start":{"line":40,"column":43},"end":{"line":47,"column":13}},"line":40}},"branchMap":{"0":{"loc":{"start":{"line":39,"column":9},"end":{"line":48,"column":14}},"type":"cond-expr","locations":[{"start":{"line":40,"column":12},"end":{"line":47,"column":14}},{"start":{"line":48,"column":12},"end":{"line":48,"column":14}}],"line":39}},"s":{"0":0,"1":0,"2":0,"3":0},"f":{"0":0,"1":0},"b":{"0":[0,0]}}
[...]
,"D:\\StudyDemo\\umiJS\\flash\\src\\utils\\utils.js": {"path":"D:\\StudyDemo\\umiJS\\flash\\src\\utils\\utils.js","statementMap":{"0":{"start":{"line":7,"column":2},"end":{"line":7,"column":40}},"1":{"start":{"line":11,"column":14},"end":{"line":11,"column":24}},"2":{"start":{"line":12,"column":17},"end":{"line":12,"column":36}},"3":{"start":{"line":14,"column":2},"end":{"line":19,"column":3}},"4":{"start":{"line":15,"column":4},"end":{"line":15,"column":20}},"5":{"start":{"line":16,"column":4},"end":{"line":16,"column":22}},"6":{"start":{"line":17,"column":4},"end":{"line":17,"column":22}},"7":{"start":{"line":18,"column":4},"end":{"line":18,"column":66}},"8":{"start":{"line":21,"column":2},"end":{"line":36,"column":3}},"9":{"start":{"line":22,"column":14},"end":{"line":22,"column":26}},"10":{"start":{"line":23,"column":4},"end":{"line":23,"column":20}},"11":{"start":{"line":24,"column":4},"end":{"line":24,"column":22}},"12":{"start":{"line":25,"column":4},"end":{"line":25,"column":22}},"13":{"start":{"line":27,"column":4},"end":{"line":31,"column":5}},"14":{"start":{"line":28,"column":6},"end":{"line":28,"column":14}},"15":{"start":{"line":30,"column":6},"end":{"line":30,"column":15}},"16":{"start":{"line":33,"column":22},"end":{"line":33,"column":50}},"17":{"start":{"line":35,"column":4},"end":{"line":35,"column":72}},"18":{"start":{"line":38,"column":2},"end":{"line":49,"column":3}},"19":{"start":{"line":39,"column":17},"end":{"line":39,"column":34}},"20":{"start":{"line":40,"column":18},"end":{"line":40,"column":32}},"21":{"start":{"line":41,"column":21},"end":{"line":41,"column":49}},"22":{"start":{"line":42,"column":21},"end":{"line":42,"column":36}},"23":{"start":{"line":43,"column":22},"end":{"line":43,"column":38}},"24":{"start":{"line":45,"column":4},"end":{"line":48,"column":6}},"25":{"start":{"line":51,"column":15},"end":{"line":51,"column":32}},"26":{"start":{"line":52,"column":2},"end":{"line":52,"column":78}},"27":{"start":{"line":56,"column":14},"end":{"line":56,"column":16}},"28":{"start":{"line":57,"column":2},"end":{"line":69,"column":5}},"29":{"start":{"line":58,"column":17},"end":{"line":58,"column":21}},"30":{"start":{"line":59,"column":4},"end":{"line":59,"column":72}},"31":{"start":{"line":60,"column":4},"end":{"line":60,"column":22}},"32":{"start":{"line":61,"column":4},"end":{"line":68,"column":5}},"33":{"start":{"line":62,"column":6},"end":{"line":62,"column":58}},"34":{"start":{"line":64,"column":6},"end":{"line":66,"column":7}},"35":{"start":{"line":65,"column":8},"end":{"line":65,"column":27}},"36":{"start":{"line":67,"column":6},"end":{"line":67,"column":21}},"37":{"start":{"line":70,"column":2},"end":{"line":70,"column":13}},"38":{"start":{"line":78,"column":2},"end":{"line":80,"column":3}},"39":{"start":{"line":79,"column":4},"end":{"line":79,"column":40}},"40":{"start":{"line":81,"column":15},"end":{"line":81,"column":30}},"41":{"start":{"line":82,"column":15},"end":{"line":82,"column":30}},"42":{"start":{"line":83,"column":2},"end":{"line":85,"column":3}},"43":{"start":{"line":83,"column":34},"end":{"line":83,"column":54}},"44":{"start":{"line":84,"column":4},"end":{"line":84,"column":13}},"45":{"start":{"line":86,"column":2},"end":{"line":88,"column":3}},"46":{"start":{"line":86,"column":34},"end":{"line":86,"column":54}},"47":{"start":{"line":87,"column":4},"end":{"line":87,"column":13}},"48":{"start":{"line":89,"column":2},"end":{"line":89,"column":11}},"49":{"start":{"line":93,"column":18},"end":{"line":93,"column":20}},"50":{"start":{"line":94,"column":2},"end":{"line":94,"column":28}},"51":{"start":{"line":95,"column":2},"end":{"line":103,"column":3}},"52":{"start":{"line":95,"column":15},"end":{"line":95,"column":16}},"53":{"start":{"line":97,"column":4},"end":{"line":97,"column":77}},"54":{"start":{"line":97,"column":41},"end":{"line":97,"column":75}},"55":{"start":{"line":99,"column":18},"end":{"line":99,"column":77}},"56":{"start":{"line":99,"column":42},"end":{"line":99,"column":76}},"57":{"start":{"line":100,"column":4},"end":{"line":102,"column":5}},"58":{"start":{"line":101,"column":6},"end":{"line":101,"column":32}},"59":{"start":{"line":104,"column":2},"end":{"line":104,"column":19}},"60":{"start":{"line":114,"column":15},"end":{"line":116,"column":3}},"61":{"start":{"line":115,"column":17},"end":{"line":115,"column":68}},"62":{"start":{"line":118,"column":2},"end":{"line":118,"column":54}},"63":{"start":{"line":118,"column":30},"end":{"line":118,"column":52}},"64":{"start":{"line":120,"column":20},"end":{"line":120,"column":40}},"65":{"start":{"line":122,"column":23},"end":{"line":130,"column":4}},"66":{"start":{"line":123,"column":18},"end":{"line":123,"column":89}},"67":{"start":{"line":123,"column":40},"end":{"line":123,"column":88}},"68":{"start":{"line":124,"column":4},"end":{"line":129,"column":6}},"69":{"start":{"line":131,"column":2},"end":{"line":131,"column":22}},"70":{"start":{"line":135,"column":2},"end":{"line":135,"column":51}},"71":{"start":{"line":139,"column":17},"end":{"line":139,"column":33}},"72":{"start":{"line":140,"column":2},"end":{"line":142,"column":3}},"73":{"start":{"line":141,"column":4},"end":{"line":141,"column":31}},"74":{"start":{"line":143,"column":2},"end":{"line":143,"column":14}},"75":{"start":{"line":147,"column":12},"end":{"line":147,"column":179}},"76":{"start":{"line":150,"column":2},"end":{"line":150,"column":24}},"77":{"start":{"line":154,"column":12},"end":{"line":154,"column":19}},"78":{"start":{"line":155,"column":2},"end":{"line":155,"column":39}},"79":{"start":{"line":155,"column":29},"end":{"line":155,"column":39}},"80":{"start":{"line":157,"column":15},"end":{"line":157,"column":18}},"81":{"start":{"line":158,"column":2},"end":{"line":176,"column":3}},"82":{"start":{"line":159,"column":4},"end":{"line":159,"column":37}},"83":{"start":{"line":160,"column":4},"end":{"line":175,"column":6}},"84":{"start":{"line":177,"column":2},"end":{"line":177,"column":16}},"85":{"start":{"line":182,"column":2},"end":{"line":182,"column":63}},"86":{"start":{"line":187,"column":2},"end":{"line":187,"column":43}},"87":{"start":{"line":192,"column":14},"end":{"line":192,"column":25}},"88":{"start":{"line":193,"column":16},"end":{"line":193,"column":32}},"89":{"start":{"line":194,"column":15},"end":{"line":194,"column":46}},"90":{"start":{"line":195,"column":15},"end":{"line":195,"column":27}},"91":{"start":{"line":196,"column":2},"end":{"line":196,"column":14}},"92":{"start":{"line":201,"column":14},"end":{"line":201,"column":25}},"93":{"start":{"line":202,"column":16},"end":{"line":202,"column":32}},"94":{"start":{"line":203,"column":2},"end":{"line":203,"column":41}}},"fnMap":{"0":{"name":"fixedZero","decl":{"start":{"line":6,"column":16},"end":{"line":6,"column":25}},"loc":{"start":{"line":6,"column":31},"end":{"line":8,"column":1}},"line":6},"1":{"name":"getTimeDistance","decl":{"start":{"line":10,"column":16},"end":{"line":10,"column":31}},"loc":{"start":{"line":10,"column":38},"end":{"line":53,"column":1}},"line":10},"2":{"name":"getPlainNode","decl":{"start":{"line":55,"column":16},"end":{"line":55,"column":28}},"loc":{"start":{"line":55,"column":56},"end":{"line":71,"column":1}},"line":55},"3":{"name":"(anonymous_3)","decl":{"start":{"line":57,"column":19},"end":{"line":57,"column":20}},"loc":{"start":{"line":57,"column":27},"end":{"line":69,"column":3}},"line":57},"4":{"name":"getRelation","decl":{"start":{"line":77,"column":9},"end":{"line":77,"column":20}},"loc":{"start":{"line":77,"column":33},"end":{"line":90,"column":1}},"line":77},"5":{"name":"(anonymous_5)","decl":{"start":{"line":83,"column":17},"end":{"line":83,"column":18}},"loc":{"start":{"line":83,"column":34},"end":{"line":83,"column":54}},"line":83},"6":{"name":"(anonymous_6)","decl":{"start":{"line":86,"column":17},"end":{"line":86,"column":18}},"loc":{"start":{"line":86,"column":34},"end":{"line":86,"column":54}},"line":86},"7":{"name":"getRenderArr","decl":{"start":{"line":92,"column":9},"end":{"line":92,"column":21}},"loc":{"start":{"line":92,"column":30},"end":{"line":105,"column":1}},"line":92},"8":{"name":"(anonymous_8)","decl":{"start":{"line":97,"column":33},"end":{"line":97,"column":34}},"loc":{"start":{"line":97,"column":41},"end":{"line":97,"column":75}},"line":97},"9":{"name":"(anonymous_9)","decl":{"start":{"line":99,"column":34},"end":{"line":99,"column":35}},"loc":{"start":{"line":99,"column":42},"end":{"line":99,"column":76}},"line":99},"10":{"name":"getRoutes","decl":{"start":{"line":113,"column":16},"end":{"line":113,"column":25}},"loc":{"start":{"line":113,"column":44},"end":{"line":132,"column":1}},"line":113},"11":{"name":"(anonymous_11)","decl":{"start":{"line":115,"column":4},"end":{"line":115,"column":5}},"loc":{"start":{"line":115,"column":17},"end":{"line":115,"column":68}},"line":115},"12":{"name":"(anonymous_12)","decl":{"start":{"line":118,"column":22},"end":{"line":118,"column":23}},"loc":{"start":{"line":118,"column":30},"end":{"line":118,"column":52}},"line":118},"13":{"name":"(anonymous_13)","decl":{"start":{"line":122,"column":37},"end":{"line":122,"column":38}},"loc":{"start":{"line":122,"column":45},"end":{"line":130,"column":3}},"line":122},"14":{"name":"(anonymous_14)","decl":{"start":{"line":123,"column":31},"end":{"line":123,"column":32}},"loc":{"start":{"line":123,"column":40},"end":{"line":123,"column":88}},"line":123},"15":{"name":"getPageQuery","decl":{"start":{"line":134,"column":16},"end":{"line":134,"column":28}},"loc":{"start":{"line":134,"column":31},"end":{"line":136,"column":1}},"line":134},"16":{"name":"getQueryPath","decl":{"start":{"line":138,"column":16},"end":{"line":138,"column":28}},"loc":{"start":{"line":138,"column":52},"end":{"line":144,"column":1}},"line":138},"17":{"name":"isUrl","decl":{"start":{"line":149,"column":16},"end":{"line":149,"column":21}},"loc":{"start":{"line":149,"column":28},"end":{"line":151,"column":1}},"line":149},"18":{"name":"formatWan","decl":{"start":{"line":153,"column":16},"end":{"line":153,"column":25}},"loc":{"start":{"line":153,"column":31},"end":{"line":178,"column":1}},"line":153},"19":{"name":"isAntdPro","decl":{"start":{"line":181,"column":16},"end":{"line":181,"column":25}},"loc":{"start":{"line":181,"column":28},"end":{"line":183,"column":1}},"line":181},"20":{"name":"isNullOrUndefined","decl":{"start":{"line":186,"column":16},"end":{"line":186,"column":33}},"loc":{"start":{"line":186,"column":39},"end":{"line":188,"column":1}},"line":186},"21":{"name":"getPointNum","decl":{"start":{"line":191,"column":16},"end":{"line":191,"column":27}},"loc":{"start":{"line":191,"column":36},"end":{"line":197,"column":1}},"line":191},"22":{"name":"getPointToStr","decl":{"start":{"line":200,"column":16},"end":{"line":200,"column":29}},"loc":{"start":{"line":200,"column":48},"end":{"line":204,"column":1}},"line":200}},"branchMap":{"0":{"loc":{"start":{"line":7,"column":9},"end":{"line":7,"column":39}},"type":"cond-expr","locations":[{"start":{"line":7,"column":24},"end":{"line":7,"column":33}},{"start":{"line":7,"column":36},"end":{"line":7,"column":39}}],"line":7},"1":{"loc":{"start":{"line":14,"column":2},"end":{"line":19,"column":3}},"type":"if","locations":[{"start":{"line":14,"column":2},"end":{"line":19,"column":3}},{"start":{"line":14,"column":2},"end":{"line":19,"column":3}}],"line":14},"2":{"loc":{"start":{"line":21,"column":2},"end":{"line":36,"column":3}},"type":"if","locations":[{"start":{"line":21,"column":2},"end":{"line":36,"column":3}},{"start":{"line":21,"column":2},"end":{"line":36,"column":3}}],"line":21},"3":{"loc":{"start":{"line":27,"column":4},"end":{"line":31,"column":5}},"type":"if","locations":[{"start":{"line":27,"column":4},"end":{"line":31,"column":5}},{"start":{"line":27,"column":4},"end":{"line":31,"column":5}}],"line":27},"4":{"loc":{"start":{"line":38,"column":2},"end":{"line":49,"column":3}},"type":"if","locations":[{"start":{"line":38,"column":2},"end":{"line":49,"column":3}},{"start":{"line":38,"column":2},"end":{"line":49,"column":3}}],"line":38},"5":{"loc":{"start":{"line":55,"column":39},"end":{"line":55,"column":54}},"type":"default-arg","locations":[{"start":{"line":55,"column":52},"end":{"line":55,"column":54}}],"line":55},"6":{"loc":{"start":{"line":59,"column":33},"end":{"line":59,"column":48}},"type":"binary-expr","locations":[{"start":{"line":59,"column":33},"end":{"line":59,"column":42}},{"start":{"line":59,"column":46},"end":{"line":59,"column":48}}],"line":59},"7":{"loc":{"start":{"line":61,"column":4},"end":{"line":68,"column":5}},"type":"if","locations":[{"start":{"line":61,"column":4},"end":{"line":68,"column":5}},{"start":{"line":61,"column":4},"end":{"line":68,"column":5}}],"line":61},"8":{"loc":{"start":{"line":61,"column":8},"end":{"line":61,"column":40}},"type":"binary-expr","locations":[{"start":{"line":61,"column":8},"end":{"line":61,"column":21}},{"start":{"line":61,"column":25},"end":{"line":61,"column":40}}],"line":61},"9":{"loc":{"start":{"line":64,"column":6},"end":{"line":66,"column":7}},"type":"if","locations":[{"start":{"line":64,"column":6},"end":{"line":66,"column":7}},{"start":{"line":64,"column":6},"end":{"line":66,"column":7}}],"line":64},"10":{"loc":{"start":{"line":64,"column":10},"end":{"line":64,"column":41}},"type":"binary-expr","locations":[{"start":{"line":64,"column":10},"end":{"line":64,"column":23}},{"start":{"line":64,"column":27},"end":{"line":64,"column":41}}],"line":64},"11":{"loc":{"start":{"line":78,"column":2},"end":{"line":80,"column":3}},"type":"if","locations":[{"start":{"line":78,"column":2},"end":{"line":80,"column":3}},{"start":{"line":78,"column":2},"end":{"line":80,"column":3}}],"line":78},"12":{"loc":{"start":{"line":83,"column":2},"end":{"line":85,"column":3}},"type":"if","locations":[{"start":{"line":83,"column":2},"end":{"line":85,"column":3}},{"start":{"line":83,"column":2},"end":{"line":85,"column":3}}],"line":83},"13":{"loc":{"start":{"line":86,"column":2},"end":{"line":88,"column":3}},"type":"if","locations":[{"start":{"line":86,"column":2},"end":{"line":88,"column":3}},{"start":{"line":86,"column":2},"end":{"line":88,"column":3}}],"line":86},"14":{"loc":{"start":{"line":100,"column":4},"end":{"line":102,"column":5}},"type":"if","locations":[{"start":{"line":100,"column":4},"end":{"line":102,"column":5}},{"start":{"line":100,"column":4},"end":{"line":102,"column":5}}],"line":100},"15":{"loc":{"start":{"line":115,"column":17},"end":{"line":115,"column":68}},"type":"binary-expr","locations":[{"start":{"line":115,"column":17},"end":{"line":115,"column":46}},{"start":{"line":115,"column":50},"end":{"line":115,"column":68}}],"line":115},"16":{"loc":{"start":{"line":123,"column":40},"end":{"line":123,"column":88}},"type":"binary-expr","locations":[{"start":{"line":123,"column":40},"end":{"line":123,"column":54}},{"start":{"line":123,"column":58},"end":{"line":123,"column":88}}],"line":123},"17":{"loc":{"start":{"line":138,"column":29},"end":{"line":138,"column":38}},"type":"default-arg","locations":[{"start":{"line":138,"column":36},"end":{"line":138,"column":38}}],"line":138},"18":{"loc":{"start":{"line":138,"column":40},"end":{"line":138,"column":50}},"type":"default-arg","locations":[{"start":{"line":138,"column":48},"end":{"line":138,"column":50}}],"line":138},"19":{"loc":{"start":{"line":140,"column":2},"end":{"line":142,"column":3}},"type":"if","locations":[{"start":{"line":140,"column":2},"end":{"line":142,"column":3}},{"start":{"line":140,"column":2},"end":{"line":142,"column":3}}],"line":140},"20":{"loc":{"start":{"line":155,"column":2},"end":{"line":155,"column":39}},"type":"if","locations":[{"start":{"line":155,"column":2},"end":{"line":155,"column":39}},{"start":{"line":155,"column":2},"end":{"line":155,"column":39}}],"line":155},"21":{"loc":{"start":{"line":155,"column":6},"end":{"line":155,"column":27}},"type":"binary-expr","locations":[{"start":{"line":155,"column":6},"end":{"line":155,"column":8}},{"start":{"line":155,"column":12},"end":{"line":155,"column":27}}],"line":155},"22":{"loc":{"start":{"line":158,"column":2},"end":{"line":176,"column":3}},"type":"if","locations":[{"start":{"line":158,"column":2},"end":{"line":176,"column":3}},{"start":{"line":158,"column":2},"end":{"line":176,"column":3}}],"line":158},"23":{"loc":{"start":{"line":187,"column":9},"end":{"line":187,"column":42}},"type":"binary-expr","locations":[{"start":{"line":187,"column":9},"end":{"line":187,"column":21}},{"start":{"line":187,"column":25},"end":{"line":187,"column":42}}],"line":187},"24":{"loc":{"start":{"line":200,"column":30},"end":{"line":200,"column":39}},"type":"default-arg","locations":[{"start":{"line":200,"column":36},"end":{"line":200,"column":39}}],"line":200},"25":{"loc":{"start":{"line":200,"column":41},"end":{"line":200,"column":46}},"type":"default-arg","locations":[{"start":{"line":200,"column":45},"end":{"line":200,"column":46}}],"line":200}},"s":{"0":16,"1":0,"2":0,"3":0,"4":0,"5":0,"6":0,"7":0,"8":0,"9":0,"10":0,"11":0,"12":0,"13":0,"14":0,"15":0,"16":0,"17":0,"18":0,"19":0,"20":0,"21":0,"22":0,"23":0,"24":0,"25":0,"26":0,"27":0,"28":0,"29":0,"30":0,"31":0,"32":0,"33":0,"34":0,"35":0,"36":0,"37":0,"38":0,"39":0,"40":0,"41":0,"42":0,"43":0,"44":0,"45":0,"46":0,"47":0,"48":0,"49":0,"50":0,"51":0,"52":0,"53":0,"54":0,"55":0,"56":0,"57":0,"58":0,"59":0,"60":0,"61":0,"62":0,"63":0,"64":0,"65":0,"66":0,"67":0,"68":0,"69":0,"70":0,"71":0,"72":0,"73":0,"74":0,"75":1,"76":26,"77":0,"78":0,"79":0,"80":0,"81":0,"82":0,"83":0,"84":0,"85":0,"86":0,"87":0,"88":0,"89":0,"90":0,"91":0,"92":0,"93":0,"94":0},"f":{"0":16,"1":0,"2":0,"3":0,"4":0,"5":0,"6":0,"7":0,"8":0,"9":0,"10":0,"11":0,"12":0,"13":0,"14":0,"15":0,"16":0,"17":26,"18":0,"19":0,"20":0,"21":0,"22":0},"b":{"0":[10,6],"1":[0,0],"2":[0,0],"3":[0,0],"4":[0,0],"5":[0],"6":[0,0],"7":[0,0],"8":[0,0],"9":[0,0],"10":[0,0],"11":[0,0],"12":[0,0],"13":[0,0],"14":[0,0],"15":[0,0],"16":[0,0],"17":[0],"18":[0],"19":[0,0],"20":[0,0],"21":[0,0],"22":[0,0],"23":[0,0],"24":[0],"25":[0]},"_coverageSchema":"1a1c01bbd47fc00a2c39e90264f33305004495a9","hash":"ced0936d7e6512b1f46bb7da4c18c67f118a98ec"}
}
